<?xml version="1.0" encoding="UTF-8"?>
<!-- Generated by org.testng.reporters.JUnitXMLReporter -->
<testsuite hostname="qawin7qa01" name="BinaryListTemplateScript Test" tests="8" failures="0" timestamp="26 Feb 2018 06:28:44 GMT" time="127.976" errors="0">
  <testcase name="CatLogicTC" time="3.377" classname="com.cat.AutomationPage.BinaryListTemplateScript"/>
  <testcase name="CatResetTest" time="20.995" classname="com.cat.AutomationPage.BinaryListTemplateScript"/>
  <testcase name="CatCreateCourseTC" time="33.494" classname="com.cat.AutomationPage.BinaryListTemplateScript"/>
  <testcase name="CatAddLesson" time="6.425" classname="com.cat.AutomationPage.BinaryListTemplateScript"/>
  <testcase name="CatAddTopic" time="4.723" classname="com.cat.AutomationPage.BinaryListTemplateScript"/>
  <testcase name="CatAddPage" time="9.526" classname="com.cat.AutomationPage.BinaryListTemplateScript"/>
  <testcase name="CatEditBinaryTemplate" time="46.038" classname="com.cat.AutomationPage.BinaryListTemplateScript"/>
  <testcase name="CatLogOutTC" time="2.861" classname="com.cat.AutomationPage.BinaryListTemplateScript"/>
</testsuite> <!-- BinaryListTemplateScript Test -->
