<?xml version="1.0" encoding="UTF-8"?>
<!-- Generated by org.testng.reporters.JUnitXMLReporter -->
<testsuite hostname="qawin7qa01" name="BranchingScript Test" tests="9" failures="0" timestamp="26 Feb 2018 06:49:33 GMT" time="132.749" errors="0">
  <testcase name="CatLogicTC" time="4.032" classname="com.cat.AutomationPage.BranchingScript"/>
  <testcase name="CatResetTest" time="19.787" classname="com.cat.AutomationPage.BranchingScript"/>
  <testcase name="CatCreateCourseTC" time="32.885" classname="com.cat.AutomationPage.BranchingScript"/>
  <testcase name="CatAddLesson" time="6.472" classname="com.cat.AutomationPage.BranchingScript"/>
  <testcase name="CatAddTopic" time="4.709" classname="com.cat.AutomationPage.BranchingScript"/>
  <testcase name="CatAddPage" time="4.066" classname="com.cat.AutomationPage.BranchingScript"/>
  <testcase name="CatEditTextTemplate" time="28.977" classname="com.cat.AutomationPage.BranchingScript"/>
  <testcase name="CatCreateBranchingLesson" time="27.364" classname="com.cat.AutomationPage.BranchingScript"/>
  <testcase name="CatLogOutTC" time="3.87" classname="com.cat.AutomationPage.BranchingScript"/>
</testsuite> <!-- BranchingScript Test -->
