<?xml version="1.0" encoding="UTF-8"?>
<!-- Generated by org.testng.reporters.JUnitXMLReporter -->
<testsuite hostname="qawin7qa01" name="ConfigurationScript Test" tests="15" failures="0" timestamp="26 Feb 2018 06:52:26 GMT" time="172.494" errors="0">
  <testcase name="CatLogicTC" time="3.261" classname="com.cat.AutomationPage.ConfigurationScript"/>
  <testcase name="CatResetTest" time="19.639" classname="com.cat.AutomationPage.ConfigurationScript"/>
  <testcase name="CatCreateCourseTC" time="33.525" classname="com.cat.AutomationPage.ConfigurationScript"/>
  <testcase name="CatAddLesson" time="7.358" classname="com.cat.AutomationPage.ConfigurationScript"/>
  <testcase name="CatAddTopic" time="5.175" classname="com.cat.AutomationPage.ConfigurationScript"/>
  <testcase name="CatAddPage" time="4.322" classname="com.cat.AutomationPage.ConfigurationScript"/>
  <testcase name="CatEditTextTemplate" time="30.257" classname="com.cat.AutomationPage.ConfigurationScript"/>
  <testcase name="CatLockPage" time="16.86" classname="com.cat.AutomationPage.ConfigurationScript"/>
  <testcase name="CatUnLockPage" time="6.523" classname="com.cat.AutomationPage.ConfigurationScript"/>
  <testcase name="CatHidePage" time="6.555" classname="com.cat.AutomationPage.ConfigurationScript"/>
  <testcase name="CatUnhidePage" time="6.555" classname="com.cat.AutomationPage.ConfigurationScript"/>
  <testcase name="CatCopyNode" time="6.555" classname="com.cat.AutomationPage.ConfigurationScript"/>
  <testcase name="CatPasteNode" time="6.754" classname="com.cat.AutomationPage.ConfigurationScript"/>
  <testcase name="CatDeletePage" time="15.226" classname="com.cat.AutomationPage.ConfigurationScript"/>
  <testcase name="CatLogOutTC" time="2.865" classname="com.cat.AutomationPage.ConfigurationScript"/>
</testsuite> <!-- ConfigurationScript Test -->
