<?xml version="1.0" encoding="UTF-8"?>
<!-- Generated by org.testng.reporters.JUnitXMLReporter -->
<testsuite hostname="qawin7qa01" name="ConsultTemplate Test" tests="8" failures="0" timestamp="26 Feb 2018 06:31:17 GMT" time="152.156" errors="0">
  <testcase name="CatLogicTC" time="3.346" classname="com.cat.AutomationPage.ConsultTemplate"/>
  <testcase name="CatResetTest" time="19.678" classname="com.cat.AutomationPage.ConsultTemplate"/>
  <testcase name="CatCreateCourseTC" time="32.924" classname="com.cat.AutomationPage.ConsultTemplate"/>
  <testcase name="CatAddLesson" time="6.62" classname="com.cat.AutomationPage.ConsultTemplate"/>
  <testcase name="CatAddTopic" time="4.563" classname="com.cat.AutomationPage.ConsultTemplate"/>
  <testcase name="CatAddPage" time="9.297" classname="com.cat.AutomationPage.ConsultTemplate"/>
  <testcase name="CatEditConsult" time="72.1" classname="com.cat.AutomationPage.ConsultTemplate"/>
  <testcase name="CatLogOutTC" time="3.07" classname="com.cat.AutomationPage.ConsultTemplate"/>
</testsuite> <!-- ConsultTemplate Test -->
