<?xml version="1.0" encoding="UTF-8"?>
<!-- Generated by org.testng.reporters.JUnitXMLReporter -->
<testsuite hostname="qawin7qa01" name="ConsentAutomationTemplateScript Test" tests="8" failures="0" timestamp="26 Feb 2018 06:26:36 GMT" time="126.351" errors="0">
  <testcase name="CatLogicTC" time="3.323" classname="com.cat.AutomationPage.ConsentAutomationTemplateScript"/>
  <testcase name="CatResetTest" time="18.372" classname="com.cat.AutomationPage.ConsentAutomationTemplateScript"/>
  <testcase name="CatCreateCourseTC" time="34.516" classname="com.cat.AutomationPage.ConsentAutomationTemplateScript"/>
  <testcase name="CatAddLesson" time="7.329" classname="com.cat.AutomationPage.ConsentAutomationTemplateScript"/>
  <testcase name="CatAddTopic" time="4.821" classname="com.cat.AutomationPage.ConsentAutomationTemplateScript"/>
  <testcase name="CatAddPage" time="9.725" classname="com.cat.AutomationPage.ConsentAutomationTemplateScript"/>
  <testcase name="CatEditConsentTemplate" time="44.584" classname="com.cat.AutomationPage.ConsentAutomationTemplateScript"/>
  <testcase name="CatLogOutTC" time="3.123" classname="com.cat.AutomationPage.ConsentAutomationTemplateScript"/>
</testsuite> <!-- ConsentAutomationTemplateScript Test -->
