<?xml version="1.0" encoding="UTF-8"?>
<!-- Generated by org.testng.reporters.JUnitXMLReporter -->
<testsuite hostname="qawin7qa01" name="SAQTemplateScript Test" tests="8" failures="0" timestamp="26 Feb 2018 06:47:21 GMT" time="145.961" errors="0">
  <testcase name="CatLogicTC" time="3.315" classname="com.cat.AutomationPage.SAQTemplateScript"/>
  <testcase name="CatResetTest" time="20.319" classname="com.cat.AutomationPage.SAQTemplateScript"/>
  <testcase name="CatCreateCourseTC" time="33.771" classname="com.cat.AutomationPage.SAQTemplateScript"/>
  <testcase name="CatAddLesson" time="6.834" classname="com.cat.AutomationPage.SAQTemplateScript"/>
  <testcase name="CatAddTopic" time="4.84" classname="com.cat.AutomationPage.SAQTemplateScript"/>
  <testcase name="CatAddPage" time="5.557" classname="com.cat.AutomationPage.SAQTemplateScript"/>
  <testcase name="CatEditSAQ" time="67.755" classname="com.cat.AutomationPage.SAQTemplateScript"/>
  <testcase name="CatLogOutTC" time="3.127" classname="com.cat.AutomationPage.SAQTemplateScript"/>
</testsuite> <!-- SAQTemplateScript Test -->
