<?xml version="1.0" encoding="UTF-8"?>
<!-- Generated by org.testng.reporters.JUnitXMLReporter -->
<testsuite hostname="qawin7qa01" name="SidebarTemplateScript Test" tests="8" failures="0" timestamp="26 Feb 2018 06:33:25 GMT" time="128.435" errors="0">
  <testcase name="CatLogicTC" time="3.246" classname="com.cat.AutomationPage.SidebarTemplateScript"/>
  <testcase name="CatResetTest" time="19.832" classname="com.cat.AutomationPage.SidebarTemplateScript"/>
  <testcase name="CatCreateCourseTC" time="33.27" classname="com.cat.AutomationPage.SidebarTemplateScript"/>
  <testcase name="CatAddLesson" time="6.433" classname="com.cat.AutomationPage.SidebarTemplateScript"/>
  <testcase name="CatAddTopic" time="4.659" classname="com.cat.AutomationPage.SidebarTemplateScript"/>
  <testcase name="CatAddPage" time="9.382" classname="com.cat.AutomationPage.SidebarTemplateScript"/>
  <testcase name="SidebarPageTC" time="48.175" classname="com.cat.AutomationPage.SidebarTemplateScript"/>
  <testcase name="CatLogOutTC" time="2.97" classname="com.cat.AutomationPage.SidebarTemplateScript"/>
</testsuite> <!-- SidebarTemplateScript Test -->
