<?xml version="1.0" encoding="UTF-8"?>
<!-- Generated by org.testng.reporters.JUnitXMLReporter -->
<testsuite hostname="qawin7qa01" name="TextAndGraphicTemplateScript Test" tests="8" failures="0" timestamp="26 Feb 2018 06:44:55 GMT" time="106.367" errors="0">
  <testcase name="CatLogicTC" time="3.686" classname="com.cat.AutomationPage.TextAndGraphicTemplateScript"/>
  <testcase name="CatResetTest" time="19.766" classname="com.cat.AutomationPage.TextAndGraphicTemplateScript"/>
  <testcase name="CatCreateCourseTC" time="33.557" classname="com.cat.AutomationPage.TextAndGraphicTemplateScript"/>
  <testcase name="CatAddLesson" time="6.633" classname="com.cat.AutomationPage.TextAndGraphicTemplateScript"/>
  <testcase name="CatAddTopic" time="4.63" classname="com.cat.AutomationPage.TextAndGraphicTemplateScript"/>
  <testcase name="CatAddPage" time="4.872" classname="com.cat.AutomationPage.TextAndGraphicTemplateScript"/>
  <testcase name="CatEditTextTemplate" time="29.72" classname="com.cat.AutomationPage.TextAndGraphicTemplateScript"/>
  <testcase name="CatLogOutTC" time="3.045" classname="com.cat.AutomationPage.TextAndGraphicTemplateScript"/>
</testsuite> <!-- TextAndGraphicTemplateScript Test -->
