<?xml version="1.0" encoding="UTF-8"?>
<!-- Generated by org.testng.reporters.JUnitXMLReporter -->
<testsuite hostname="qawin7qa01" name="VideoTemplateScript Test" tests="8" failures="0" timestamp="26 Feb 2018 06:41:08 GMT" time="121.845" errors="0">
  <testcase name="CatLogicTC" time="3.533" classname="com.cat.AutomationPage.VideoTemplateScript"/>
  <testcase name="CatResetTest" time="19.718" classname="com.cat.AutomationPage.VideoTemplateScript"/>
  <testcase name="CatCreateCourseTC" time="33.379" classname="com.cat.AutomationPage.VideoTemplateScript"/>
  <testcase name="CatAddLesson" time="6.533" classname="com.cat.AutomationPage.VideoTemplateScript"/>
  <testcase name="CatAddTopic" time="4.734" classname="com.cat.AutomationPage.VideoTemplateScript"/>
  <testcase name="CatAddPage" time="9.133" classname="com.cat.AutomationPage.VideoTemplateScript"/>
  <testcase name="CatEditVideoTemplate" time="41.489" classname="com.cat.AutomationPage.VideoTemplateScript"/>
  <testcase name="CatLogOutTC" time="2.872" classname="com.cat.AutomationPage.VideoTemplateScript"/>
</testsuite> <!-- VideoTemplateScript Test -->
