<?xml version="1.0" encoding="UTF-8"?>
<!-- Generated by org.testng.reporters.JUnitXMLReporter -->
<testsuite hostname="qawin7qa01" name="Default test" tests="8" failures="0" timestamp="23 Feb 2018 13:00:53 GMT" time="227.288" errors="0">
  <testcase name="CatLogicTC" time="4.575" classname="com.cat.AutomationPage.SelectableHotspotTemplateScript"/>
  <testcase name="CatResetTest" time="20.809" classname="com.cat.AutomationPage.SelectableHotspotTemplateScript"/>
  <testcase name="CatCreateCourseTC" time="44.092" classname="com.cat.AutomationPage.SelectableHotspotTemplateScript"/>
  <testcase name="CatAddLesson" time="7.659" classname="com.cat.AutomationPage.SelectableHotspotTemplateScript"/>
  <testcase name="CatAddTopic" time="4.75" classname="com.cat.AutomationPage.SelectableHotspotTemplateScript"/>
  <testcase name="CatAddPage" time="9.81" classname="com.cat.AutomationPage.SelectableHotspotTemplateScript"/>
  <testcase name="SelectableHotspotPageTC" time="130.315" classname="com.cat.AutomationPage.SelectableHotspotTemplateScript"/>
  <testcase name="CatLogOutTC" time="3.579" classname="com.cat.AutomationPage.SelectableHotspotTemplateScript"/>
</testsuite> <!-- Default test -->
