<?xml version="1.0" encoding="UTF-8"?>
<!-- Generated by org.testng.reporters.JUnitXMLReporter -->
<testsuite hostname="qawin7qa01" name="BinaryListTemplateScript Test" tests="8" failures="0" timestamp="16 Feb 2018 13:15:51 GMT" time="143.756" errors="0">
  <testcase name="CatLogicTC" time="10.592" classname="com.cat.AutomationPage.BinaryListTemplateScript"/>
  <testcase name="CatResetTest" time="13.291" classname="com.cat.AutomationPage.BinaryListTemplateScript"/>
  <testcase name="CatCreateCourseTC" time="34.103" classname="com.cat.AutomationPage.BinaryListTemplateScript"/>
  <testcase name="CatAddLesson" time="7.114" classname="com.cat.AutomationPage.BinaryListTemplateScript"/>
  <testcase name="CatAddTopic" time="4.747" classname="com.cat.AutomationPage.BinaryListTemplateScript"/>
  <testcase name="CatAddPage" time="4.602" classname="com.cat.AutomationPage.BinaryListTemplateScript"/>
  <testcase name="CatEditBinaryTemplate" time="55.927" classname="com.cat.AutomationPage.BinaryListTemplateScript"/>
  <testcase name="CatLogOutTC" time="12.918" classname="com.cat.AutomationPage.BinaryListTemplateScript"/>
</testsuite> <!-- BinaryListTemplateScript Test -->
