<?xml version="1.0" encoding="UTF-8"?>
<!-- Generated by org.testng.reporters.JUnitXMLReporter -->
<testsuite hostname="qawin7qa01" name="BranchingScript Test" tests="9" failures="1" timestamp="16 Feb 2018 13:39:42 GMT" time="170.114" errors="0">
  <testcase name="CatLogicTC" time="4.318" classname="com.cat.AutomationPage.BranchingScript"/>
  <testcase name="CatResetTest" time="13.598" classname="com.cat.AutomationPage.BranchingScript"/>
  <testcase name="CatCreateCourseTC" time="34.14" classname="com.cat.AutomationPage.BranchingScript"/>
  <testcase name="CatAddLesson" time="6.962" classname="com.cat.AutomationPage.BranchingScript"/>
  <testcase name="CatAddTopic" time="4.769" classname="com.cat.AutomationPage.BranchingScript"/>
  <testcase name="CatAddPage" time="4.595" classname="com.cat.AutomationPage.BranchingScript"/>
  <testcase name="CatEditTextTemplate" time="89.477" classname="com.cat.AutomationPage.BranchingScript">
    <failure type="java.lang.NullPointerException">
      <![CDATA[java.lang.NullPointerException
	at com.cat.utility.WebAppCommon.waitForElementPresentByID(WebAppCommon.java:1359)
	at com.cat.utility.WebAppCommon.typeTextById(WebAppCommon.java:1551)
	at com.cat.AutomationScript.TextAndGraphicScriptUtili.CSSAdd(TextAndGraphicScriptUtili.java:715)
	at com.cat.AutomationScript.TextAndGraphicScriptUtili.editTextTemplate(TextAndGraphicScriptUtili.java:662)
	at com.cat.AutomationPage.BranchingScript.CatEditTextTemplate(BranchingScript.java:75)
... Removed 24 stack frames]]>
    </failure>
  </testcase> <!-- CatEditTextTemplate -->
  <testcase name="CatCreateBranchingLesson" time="0.0" classname="com.cat.AutomationPage.BranchingScript">
    <skipped/>
  </testcase> <!-- CatCreateBranchingLesson -->
  <testcase name="CatLogOutTC" time="0.0" classname="com.cat.AutomationPage.BranchingScript">
    <skipped/>
  </testcase> <!-- CatLogOutTC -->
</testsuite> <!-- BranchingScript Test -->
