<?xml version="1.0" encoding="UTF-8"?>
<!-- Generated by org.testng.reporters.JUnitXMLReporter -->
<testsuite hostname="qawin7qa01" name="CarouselTemplateScript Test" tests="8" failures="0" timestamp="16 Feb 2018 13:08:37 GMT" time="112.549" errors="0">
  <testcase name="CatLogicTC" time="10.746" classname="com.cat.AutomationPage.CarouselTemplateScript"/>
  <testcase name="CatResetTest" time="13.239" classname="com.cat.AutomationPage.CarouselTemplateScript"/>
  <testcase name="CatCreateCourseTC" time="33.727" classname="com.cat.AutomationPage.CarouselTemplateScript"/>
  <testcase name="CatAddLesson" time="7.172" classname="com.cat.AutomationPage.CarouselTemplateScript"/>
  <testcase name="CatAddTopic" time="4.849" classname="com.cat.AutomationPage.CarouselTemplateScript"/>
  <testcase name="CatAddPage" time="5.028" classname="com.cat.AutomationPage.CarouselTemplateScript"/>
  <testcase name="CatEditCarouselTemplate" time="33.573" classname="com.cat.AutomationPage.CarouselTemplateScript"/>
  <testcase name="CatLogOutTC" time="3.389" classname="com.cat.AutomationPage.CarouselTemplateScript"/>
</testsuite> <!-- CarouselTemplateScript Test -->
