<?xml version="1.0" encoding="UTF-8"?>
<!-- Generated by org.testng.reporters.JUnitXMLReporter -->
<testsuite hostname="qawin7qa01" name="ConfigurationScript Test" tests="15" failures="1" timestamp="16 Feb 2018 13:26:50 GMT" time="173.744" errors="0">
  <testcase name="CatLogicTC" time="10.027" classname="com.cat.AutomationPage.ConfigurationScript"/>
  <testcase name="CatResetTest" time="13.151" classname="com.cat.AutomationPage.ConfigurationScript"/>
  <testcase name="CatCreateCourseTC" time="33.749" classname="com.cat.AutomationPage.ConfigurationScript"/>
  <testcase name="CatAddLesson" time="6.861" classname="com.cat.AutomationPage.ConfigurationScript"/>
  <testcase name="CatAddTopic" time="4.779" classname="com.cat.AutomationPage.ConfigurationScript"/>
  <testcase name="CatAddPage" time="4.187" classname="com.cat.AutomationPage.ConfigurationScript"/>
  <testcase name="CatEditTextTemplate" time="88.963" classname="com.cat.AutomationPage.ConfigurationScript">
    <failure type="java.lang.NullPointerException">
      <![CDATA[java.lang.NullPointerException
	at com.cat.utility.WebAppCommon.waitForElementPresentByID(WebAppCommon.java:1359)
	at com.cat.utility.WebAppCommon.typeTextById(WebAppCommon.java:1551)
	at com.cat.AutomationScript.TextAndGraphicScriptUtili.CSSAdd(TextAndGraphicScriptUtili.java:715)
	at com.cat.AutomationScript.TextAndGraphicScriptUtili.editTextTemplate(TextAndGraphicScriptUtili.java:662)
	at com.cat.AutomationPage.ConfigurationScript.CatEditTextTemplate(ConfigurationScript.java:76)
... Removed 24 stack frames]]>
    </failure>
  </testcase> <!-- CatEditTextTemplate -->
  <testcase name="CatLockPage" time="0.0" classname="com.cat.AutomationPage.ConfigurationScript">
    <skipped/>
  </testcase> <!-- CatLockPage -->
  <testcase name="CatUnLockPage" time="0.0" classname="com.cat.AutomationPage.ConfigurationScript">
    <skipped/>
  </testcase> <!-- CatUnLockPage -->
  <testcase name="CatHidePage" time="0.0" classname="com.cat.AutomationPage.ConfigurationScript">
    <skipped/>
  </testcase> <!-- CatHidePage -->
  <testcase name="CatUnhidePage" time="0.0" classname="com.cat.AutomationPage.ConfigurationScript">
    <skipped/>
  </testcase> <!-- CatUnhidePage -->
  <testcase name="CatCopyNode" time="0.0" classname="com.cat.AutomationPage.ConfigurationScript">
    <skipped/>
  </testcase> <!-- CatCopyNode -->
  <testcase name="CatPasteNode" time="0.0" classname="com.cat.AutomationPage.ConfigurationScript">
    <skipped/>
  </testcase> <!-- CatPasteNode -->
  <testcase name="CatDeletePage" time="0.0" classname="com.cat.AutomationPage.ConfigurationScript">
    <skipped/>
  </testcase> <!-- CatDeletePage -->
  <testcase name="CatLogOutTC" time="0.0" classname="com.cat.AutomationPage.ConfigurationScript">
    <skipped/>
  </testcase> <!-- CatLogOutTC -->
</testsuite> <!-- ConfigurationScript Test -->
