<?xml version="1.0" encoding="UTF-8"?>
<!-- Generated by org.testng.reporters.JUnitXMLReporter -->
<testsuite hostname="qawin7qa01" name="ConsentAutomationTemplateScript Test" tests="8" failures="0" timestamp="16 Feb 2018 13:13:27 GMT" time="127.872" errors="0">
  <testcase name="CatLogicTC" time="4.396" classname="com.cat.AutomationPage.ConsentAutomationTemplateScript"/>
  <testcase name="CatResetTest" time="13.233" classname="com.cat.AutomationPage.ConsentAutomationTemplateScript"/>
  <testcase name="CatCreateCourseTC" time="35.905" classname="com.cat.AutomationPage.ConsentAutomationTemplateScript"/>
  <testcase name="CatAddLesson" time="7.175" classname="com.cat.AutomationPage.ConsentAutomationTemplateScript"/>
  <testcase name="CatAddTopic" time="4.706" classname="com.cat.AutomationPage.ConsentAutomationTemplateScript"/>
  <testcase name="CatAddPage" time="4.544" classname="com.cat.AutomationPage.ConsentAutomationTemplateScript"/>
  <testcase name="CatEditConsentTemplate" time="53.905" classname="com.cat.AutomationPage.ConsentAutomationTemplateScript"/>
  <testcase name="CatLogOutTC" time="3.498" classname="com.cat.AutomationPage.ConsentAutomationTemplateScript"/>
</testsuite> <!-- ConsentAutomationTemplateScript Test -->
