<?xml version="1.0" encoding="UTF-8"?>
<!-- Generated by org.testng.reporters.JUnitXMLReporter -->
<testsuite hostname="qawin7qa01" name="EditDragAndDropTemplateScript Test" tests="8" failures="0" timestamp="16 Feb 2018 13:11:19 GMT" time="161.967" errors="0">
  <testcase name="CatLogicTC" time="9.81" classname="com.cat.AutomationPage.EditDragAndDropTemplateScript"/>
  <testcase name="CatResetTest" time="13.482" classname="com.cat.AutomationPage.EditDragAndDropTemplateScript"/>
  <testcase name="CatCreateCourseTC" time="34.994" classname="com.cat.AutomationPage.EditDragAndDropTemplateScript"/>
  <testcase name="CatAddLesson" time="7.289" classname="com.cat.AutomationPage.EditDragAndDropTemplateScript"/>
  <testcase name="CatAddTopic" time="4.679" classname="com.cat.AutomationPage.EditDragAndDropTemplateScript"/>
  <testcase name="CatAddPage" time="4.977" classname="com.cat.AutomationPage.EditDragAndDropTemplateScript"/>
  <testcase name="CatEditDragAndDropTemplate" time="75.636" classname="com.cat.AutomationPage.EditDragAndDropTemplateScript"/>
  <testcase name="CatLogOutTC" time="10.481" classname="com.cat.AutomationPage.EditDragAndDropTemplateScript"/>
</testsuite> <!-- EditDragAndDropTemplateScript Test -->
