<?xml version="1.0" encoding="UTF-8"?>
<!-- Generated by org.testng.reporters.JUnitXMLReporter -->
<testsuite hostname="qawin7qa01" name="SAQTemplateScript Test" tests="8" failures="0" timestamp="16 Feb 2018 13:42:19 GMT" time="156.786" errors="0">
  <testcase name="CatLogicTC" time="4.116" classname="com.cat.AutomationPage.SAQTemplateScript"/>
  <testcase name="CatResetTest" time="13.335" classname="com.cat.AutomationPage.SAQTemplateScript"/>
  <testcase name="CatCreateCourseTC" time="33.97" classname="com.cat.AutomationPage.SAQTemplateScript"/>
  <testcase name="CatAddLesson" time="7.131" classname="com.cat.AutomationPage.SAQTemplateScript"/>
  <testcase name="CatAddTopic" time="4.608" classname="com.cat.AutomationPage.SAQTemplateScript"/>
  <testcase name="CatAddPage" time="6.897" classname="com.cat.AutomationPage.SAQTemplateScript"/>
  <testcase name="CatEditSAQ" time="82.772" classname="com.cat.AutomationPage.SAQTemplateScript"/>
  <testcase name="CatLogOutTC" time="3.48" classname="com.cat.AutomationPage.SAQTemplateScript"/>
</testsuite> <!-- SAQTemplateScript Test -->
