<?xml version="1.0" encoding="UTF-8"?>
<!-- Generated by org.testng.reporters.JUnitXMLReporter -->
<testsuite hostname="qawin7qa01" name="SelectableHotspotTemplateScript Test" tests="8" failures="0" timestamp="16 Feb 2018 13:23:57 GMT" time="189.106" errors="0">
  <testcase name="CatLogicTC" time="9.847" classname="com.cat.AutomationPage.SelectableHotspotTemplateScript"/>
  <testcase name="CatResetTest" time="13.559" classname="com.cat.AutomationPage.SelectableHotspotTemplateScript"/>
  <testcase name="CatCreateCourseTC" time="34.276" classname="com.cat.AutomationPage.SelectableHotspotTemplateScript"/>
  <testcase name="CatAddLesson" time="6.939" classname="com.cat.AutomationPage.SelectableHotspotTemplateScript"/>
  <testcase name="CatAddTopic" time="4.807" classname="com.cat.AutomationPage.SelectableHotspotTemplateScript"/>
  <testcase name="CatAddPage" time="4.755" classname="com.cat.AutomationPage.SelectableHotspotTemplateScript"/>
  <testcase name="SelectableHotspotPageTC" time="110.568" classname="com.cat.AutomationPage.SelectableHotspotTemplateScript"/>
  <testcase name="CatLogOutTC" time="3.884" classname="com.cat.AutomationPage.SelectableHotspotTemplateScript"/>
</testsuite> <!-- SelectableHotspotTemplateScript Test -->
