<?xml version="1.0" encoding="UTF-8"?>
<!-- Generated by org.testng.reporters.JUnitXMLReporter -->
<testsuite hostname="qawin7qa01" name="SelectAndRevealTemplateScript Test" tests="8" failures="0" timestamp="16 Feb 2018 13:33:57 GMT" time="116.23" errors="0">
  <testcase name="CatLogicTC" time="3.586" classname="com.cat.AutomationPage.SelectAndRevealTemplateScript"/>
  <testcase name="CatResetTest" time="13.287" classname="com.cat.AutomationPage.SelectAndRevealTemplateScript"/>
  <testcase name="CatCreateCourseTC" time="33.357" classname="com.cat.AutomationPage.SelectAndRevealTemplateScript"/>
  <testcase name="CatAddLesson" time="7.202" classname="com.cat.AutomationPage.SelectAndRevealTemplateScript"/>
  <testcase name="CatAddTopic" time="4.745" classname="com.cat.AutomationPage.SelectAndRevealTemplateScript"/>
  <testcase name="CatAddPage" time="4.651" classname="com.cat.AutomationPage.SelectAndRevealTemplateScript"/>
  <testcase name="CatEditSelectAndRevealTemplate" time="45.5" classname="com.cat.AutomationPage.SelectAndRevealTemplateScript"/>
  <testcase name="CatLogOutTC" time="3.41" classname="com.cat.AutomationPage.SelectAndRevealTemplateScript"/>
</testsuite> <!-- SelectAndRevealTemplateScript Test -->
