<?xml version="1.0" encoding="UTF-8"?>
<!-- Generated by org.testng.reporters.JUnitXMLReporter -->
<testsuite hostname="qawin7qa01" name="SidebarTemplateScript Test" tests="8" failures="0" timestamp="16 Feb 2018 13:20:47 GMT" time="142.75" errors="0">
  <testcase name="CatLogicTC" time="10.115" classname="com.cat.AutomationPage.SidebarTemplateScript"/>
  <testcase name="CatResetTest" time="12.981" classname="com.cat.AutomationPage.SidebarTemplateScript"/>
  <testcase name="CatCreateCourseTC" time="34.402" classname="com.cat.AutomationPage.SidebarTemplateScript"/>
  <testcase name="CatAddLesson" time="6.919" classname="com.cat.AutomationPage.SidebarTemplateScript"/>
  <testcase name="CatAddTopic" time="4.732" classname="com.cat.AutomationPage.SidebarTemplateScript"/>
  <testcase name="CatAddPage" time="4.112" classname="com.cat.AutomationPage.SidebarTemplateScript"/>
  <testcase name="SidebarPageTC" time="65.654" classname="com.cat.AutomationPage.SidebarTemplateScript"/>
  <testcase name="CatLogOutTC" time="3.314" classname="com.cat.AutomationPage.SidebarTemplateScript"/>
</testsuite> <!-- SidebarTemplateScript Test -->
