<?xml version="1.0" encoding="UTF-8"?>
<!-- Generated by org.testng.reporters.JUnitXMLReporter -->
<testsuite hostname="qawin7qa01" name="TextAndGraphicTemplateScript Test" tests="8" failures="1" timestamp="16 Feb 2018 13:36:52 GMT" time="175.207" errors="0">
  <testcase name="CatLogicTC" time="10.001" classname="com.cat.AutomationPage.TextAndGraphicTemplateScript"/>
  <testcase name="CatResetTest" time="13.355" classname="com.cat.AutomationPage.TextAndGraphicTemplateScript"/>
  <testcase name="CatCreateCourseTC" time="33.717" classname="com.cat.AutomationPage.TextAndGraphicTemplateScript"/>
  <testcase name="CatAddLesson" time="6.992" classname="com.cat.AutomationPage.TextAndGraphicTemplateScript"/>
  <testcase name="CatAddTopic" time="4.636" classname="com.cat.AutomationPage.TextAndGraphicTemplateScript"/>
  <testcase name="CatAddPage" time="4.63" classname="com.cat.AutomationPage.TextAndGraphicTemplateScript"/>
  <testcase name="CatEditTextTemplate" time="90.829" classname="com.cat.AutomationPage.TextAndGraphicTemplateScript">
    <failure type="java.lang.NullPointerException">
      <![CDATA[java.lang.NullPointerException
	at com.cat.utility.WebAppCommon.waitForElementPresentByID(WebAppCommon.java:1359)
	at com.cat.utility.WebAppCommon.typeTextById(WebAppCommon.java:1551)
	at com.cat.AutomationScript.TextAndGraphicScriptUtili.CSSAdd(TextAndGraphicScriptUtili.java:715)
	at com.cat.AutomationScript.TextAndGraphicScriptUtili.editTextTemplate(TextAndGraphicScriptUtili.java:662)
	at com.cat.AutomationPage.TextAndGraphicTemplateScript.CatEditTextTemplate(TextAndGraphicTemplateScript.java:76)
... Removed 24 stack frames]]>
    </failure>
  </testcase> <!-- CatEditTextTemplate -->
  <testcase name="CatLogOutTC" time="0.0" classname="com.cat.AutomationPage.TextAndGraphicTemplateScript">
    <skipped/>
  </testcase> <!-- CatLogOutTC -->
</testsuite> <!-- TextAndGraphicTemplateScript Test -->
