<?xml version="1.0" encoding="UTF-8"?>
<testng-results skipped="7" failed="5" total="120" passed="108">
  <reporter-output>
  </reporter-output>
  <suite name="CAM Automation Suite" duration-ms="3129960" started-at="2018-02-26T06:00:16Z" finished-at="2018-02-26T06:52:26Z">
    <groups>
    </groups>
    <test name="SelectableImageTemplateScript Test" duration-ms="338574" started-at="2018-02-26T06:00:16Z" finished-at="2018-02-26T06:05:55Z">
      <class name="com.cat.AutomationPage.SelectableImageTemplateScript">
        <test-method status="PASS" signature="createHtmltView()[pri:0, instance:com.cat.AutomationPage.SelectableImageTemplateScript@29ca901e]" name="createHtmltView" is-config="true" duration-ms="1" started-at="2018-02-25T22:00:16Z" finished-at="2018-02-25T22:00:16Z">
          <reporter-output>
          </reporter-output>
        </test-method> <!-- createHtmltView -->
        <test-method status="PASS" signature="openBrowser()[pri:0, instance:com.cat.AutomationPage.SelectableImageTemplateScript@29ca901e]" name="openBrowser" is-config="true" duration-ms="1" started-at="2018-02-25T22:00:16Z" finished-at="2018-02-25T22:00:16Z">
          <reporter-output>
          </reporter-output>
        </test-method> <!-- openBrowser -->
        <test-method status="PASS" signature="loadLocater()[pri:0, instance:com.cat.AutomationPage.SelectableImageTemplateScript@29ca901e]" name="loadLocater" is-config="true" duration-ms="121" started-at="2018-02-25T22:00:16Z" finished-at="2018-02-25T22:00:16Z">
          <reporter-output>
          </reporter-output>
        </test-method> <!-- loadLocater -->
        <test-method status="PASS" signature="CatLogicTC()[pri:0, instance:com.cat.AutomationPage.SelectableImageTemplateScript@29ca901e]" name="CatLogicTC" duration-ms="4719" started-at="2018-02-25T22:00:16Z" finished-at="2018-02-25T22:00:21Z">
          <reporter-output>
          </reporter-output>
        </test-method> <!-- CatLogicTC -->
        <test-method status="PASS" signature="updateResult(org.testng.ITestResult, java.lang.reflect.Method)[pri:0, instance:com.cat.AutomationPage.SelectableImageTemplateScript@29ca901e]" name="updateResult" is-config="true" duration-ms="788" started-at="2018-02-25T22:00:21Z" finished-at="2018-02-25T22:00:22Z">
          <params>
            <param index="0">
              <value>
                <![CDATA[[TestResult name=CatLogicTC status=SUCCESS method=SelectableImageTemplateScript.CatLogicTC()[pri:0, instance:com.cat.AutomationPage.SelectableImageTemplateScript@29ca901e] output={null}]]]>
              </value>
            </param>
            <param index="1">
              <value>
                <![CDATA[void com.cat.AutomationPage.SelectableImageTemplateScript.CatLogicTC() throws java.lang.Exception]]>
              </value>
            </param>
          </params>
          <reporter-output>
          </reporter-output>
        </test-method> <!-- updateResult -->
        <test-method status="PASS" signature="loadLocater()[pri:0, instance:com.cat.AutomationPage.SelectableImageTemplateScript@29ca901e]" name="loadLocater" is-config="true" duration-ms="14" started-at="2018-02-25T22:00:22Z" finished-at="2018-02-25T22:00:22Z">
          <reporter-output>
          </reporter-output>
        </test-method> <!-- loadLocater -->
        <test-method status="PASS" signature="CatResetTest()[pri:0, instance:com.cat.AutomationPage.SelectableImageTemplateScript@29ca901e]" name="CatResetTest" duration-ms="28583" started-at="2018-02-25T22:00:22Z" depends-on-methods="com.cat.AutomationPage.SelectableImageTemplateScript.CatLogicTC" finished-at="2018-02-25T22:00:50Z">
          <reporter-output>
          </reporter-output>
        </test-method> <!-- CatResetTest -->
        <test-method status="PASS" signature="updateResult(org.testng.ITestResult, java.lang.reflect.Method)[pri:0, instance:com.cat.AutomationPage.SelectableImageTemplateScript@29ca901e]" name="updateResult" is-config="true" duration-ms="157" started-at="2018-02-25T22:00:50Z" finished-at="2018-02-25T22:00:50Z">
          <params>
            <param index="0">
              <value>
                <![CDATA[[TestResult name=CatResetTest status=SUCCESS method=SelectableImageTemplateScript.CatResetTest()[pri:0, instance:com.cat.AutomationPage.SelectableImageTemplateScript@29ca901e] output={null}]]]>
              </value>
            </param>
            <param index="1">
              <value>
                <![CDATA[void com.cat.AutomationPage.SelectableImageTemplateScript.CatResetTest() throws java.lang.Exception]]>
              </value>
            </param>
          </params>
          <reporter-output>
          </reporter-output>
        </test-method> <!-- updateResult -->
        <test-method status="PASS" signature="loadLocater()[pri:0, instance:com.cat.AutomationPage.SelectableImageTemplateScript@29ca901e]" name="loadLocater" is-config="true" duration-ms="34" started-at="2018-02-25T22:00:50Z" finished-at="2018-02-25T22:00:50Z">
          <reporter-output>
          </reporter-output>
        </test-method> <!-- loadLocater -->
        <test-method status="PASS" signature="CatCreateCourseTC()[pri:0, instance:com.cat.AutomationPage.SelectableImageTemplateScript@29ca901e]" name="CatCreateCourseTC" duration-ms="34042" started-at="2018-02-25T22:00:50Z" depends-on-methods="com.cat.AutomationPage.SelectableImageTemplateScript.CatResetTest" finished-at="2018-02-25T22:01:24Z">
          <reporter-output>
          </reporter-output>
        </test-method> <!-- CatCreateCourseTC -->
        <test-method status="PASS" signature="updateResult(org.testng.ITestResult, java.lang.reflect.Method)[pri:0, instance:com.cat.AutomationPage.SelectableImageTemplateScript@29ca901e]" name="updateResult" is-config="true" duration-ms="92" started-at="2018-02-25T22:01:24Z" finished-at="2018-02-25T22:01:25Z">
          <params>
            <param index="0">
              <value>
                <![CDATA[[TestResult name=CatCreateCourseTC status=SUCCESS method=SelectableImageTemplateScript.CatCreateCourseTC()[pri:0, instance:com.cat.AutomationPage.SelectableImageTemplateScript@29ca901e] output={null}]]]>
              </value>
            </param>
            <param index="1">
              <value>
                <![CDATA[void com.cat.AutomationPage.SelectableImageTemplateScript.CatCreateCourseTC() throws java.lang.Exception]]>
              </value>
            </param>
          </params>
          <reporter-output>
          </reporter-output>
        </test-method> <!-- updateResult -->
        <test-method status="PASS" signature="loadLocater()[pri:0, instance:com.cat.AutomationPage.SelectableImageTemplateScript@29ca901e]" name="loadLocater" is-config="true" duration-ms="27" started-at="2018-02-25T22:01:25Z" finished-at="2018-02-25T22:01:25Z">
          <reporter-output>
          </reporter-output>
        </test-method> <!-- loadLocater -->
        <test-method status="PASS" signature="CatAddLesson()[pri:0, instance:com.cat.AutomationPage.SelectableImageTemplateScript@29ca901e]" name="CatAddLesson" duration-ms="6551" started-at="2018-02-25T22:01:25Z" depends-on-methods="com.cat.AutomationPage.SelectableImageTemplateScript.CatCreateCourseTC" finished-at="2018-02-25T22:01:31Z">
          <reporter-output>
          </reporter-output>
        </test-method> <!-- CatAddLesson -->
        <test-method status="PASS" signature="updateResult(org.testng.ITestResult, java.lang.reflect.Method)[pri:0, instance:com.cat.AutomationPage.SelectableImageTemplateScript@29ca901e]" name="updateResult" is-config="true" duration-ms="67" started-at="2018-02-25T22:01:31Z" finished-at="2018-02-25T22:01:31Z">
          <params>
            <param index="0">
              <value>
                <![CDATA[[TestResult name=CatAddLesson status=SUCCESS method=SelectableImageTemplateScript.CatAddLesson()[pri:0, instance:com.cat.AutomationPage.SelectableImageTemplateScript@29ca901e] output={null}]]]>
              </value>
            </param>
            <param index="1">
              <value>
                <![CDATA[void com.cat.AutomationPage.SelectableImageTemplateScript.CatAddLesson() throws java.lang.Exception]]>
              </value>
            </param>
          </params>
          <reporter-output>
          </reporter-output>
        </test-method> <!-- updateResult -->
        <test-method status="PASS" signature="loadLocater()[pri:0, instance:com.cat.AutomationPage.SelectableImageTemplateScript@29ca901e]" name="loadLocater" is-config="true" duration-ms="15" started-at="2018-02-25T22:01:31Z" finished-at="2018-02-25T22:01:31Z">
          <reporter-output>
          </reporter-output>
        </test-method> <!-- loadLocater -->
        <test-method status="PASS" signature="CatAddTopic()[pri:0, instance:com.cat.AutomationPage.SelectableImageTemplateScript@29ca901e]" name="CatAddTopic" duration-ms="4679" started-at="2018-02-25T22:01:31Z" depends-on-methods="com.cat.AutomationPage.SelectableImageTemplateScript.CatAddLesson" finished-at="2018-02-25T22:01:36Z">
          <reporter-output>
          </reporter-output>
        </test-method> <!-- CatAddTopic -->
        <test-method status="PASS" signature="updateResult(org.testng.ITestResult, java.lang.reflect.Method)[pri:0, instance:com.cat.AutomationPage.SelectableImageTemplateScript@29ca901e]" name="updateResult" is-config="true" duration-ms="75" started-at="2018-02-25T22:01:36Z" finished-at="2018-02-25T22:01:36Z">
          <params>
            <param index="0">
              <value>
                <![CDATA[[TestResult name=CatAddTopic status=SUCCESS method=SelectableImageTemplateScript.CatAddTopic()[pri:0, instance:com.cat.AutomationPage.SelectableImageTemplateScript@29ca901e] output={null}]]]>
              </value>
            </param>
            <param index="1">
              <value>
                <![CDATA[void com.cat.AutomationPage.SelectableImageTemplateScript.CatAddTopic() throws java.lang.Exception]]>
              </value>
            </param>
          </params>
          <reporter-output>
          </reporter-output>
        </test-method> <!-- updateResult -->
        <test-method status="PASS" signature="loadLocater()[pri:0, instance:com.cat.AutomationPage.SelectableImageTemplateScript@29ca901e]" name="loadLocater" is-config="true" duration-ms="55" started-at="2018-02-25T22:01:36Z" finished-at="2018-02-25T22:01:36Z">
          <reporter-output>
          </reporter-output>
        </test-method> <!-- loadLocater -->
        <test-method status="PASS" signature="CatAddPage()[pri:0, instance:com.cat.AutomationPage.SelectableImageTemplateScript@29ca901e]" name="CatAddPage" duration-ms="9271" started-at="2018-02-25T22:01:36Z" depends-on-methods="com.cat.AutomationPage.SelectableImageTemplateScript.CatAddTopic" finished-at="2018-02-25T22:01:45Z">
          <reporter-output>
          </reporter-output>
        </test-method> <!-- CatAddPage -->
        <test-method status="PASS" signature="updateResult(org.testng.ITestResult, java.lang.reflect.Method)[pri:0, instance:com.cat.AutomationPage.SelectableImageTemplateScript@29ca901e]" name="updateResult" is-config="true" duration-ms="163" started-at="2018-02-25T22:01:45Z" finished-at="2018-02-25T22:01:45Z">
          <params>
            <param index="0">
              <value>
                <![CDATA[[TestResult name=CatAddPage status=SUCCESS method=SelectableImageTemplateScript.CatAddPage()[pri:0, instance:com.cat.AutomationPage.SelectableImageTemplateScript@29ca901e] output={null}]]]>
              </value>
            </param>
            <param index="1">
              <value>
                <![CDATA[void com.cat.AutomationPage.SelectableImageTemplateScript.CatAddPage() throws java.lang.Exception]]>
              </value>
            </param>
          </params>
          <reporter-output>
          </reporter-output>
        </test-method> <!-- updateResult -->
        <test-method status="PASS" signature="loadLocater()[pri:0, instance:com.cat.AutomationPage.SelectableImageTemplateScript@29ca901e]" name="loadLocater" is-config="true" duration-ms="29" started-at="2018-02-25T22:01:45Z" finished-at="2018-02-25T22:01:45Z">
          <reporter-output>
          </reporter-output>
        </test-method> <!-- loadLocater -->
        <test-method status="FAIL" signature="SelectableImagePageTC()[pri:0, instance:com.cat.AutomationPage.SelectableImageTemplateScript@29ca901e]" name="SelectableImagePageTC" duration-ms="245233" started-at="2018-02-25T22:01:45Z" depends-on-methods="com.cat.AutomationPage.SelectableImageTemplateScript.CatAddPage" finished-at="2018-02-25T22:05:51Z">
          <exception class="org.openqa.selenium.TimeoutException">
            <message>
              <![CDATA[Expected condition failed: waiting for visibility of element located by By.xpath: //label[text()='Upload Files'] (tried for 30 second(s) with 500 MILLISECONDS interval)
Build info: version: '3.4.0', revision: 'unknown', time: 'unknown'
System info: host: 'QAWIN7QA01', ip: '10.103.15.72', os.name: 'Windows 7', os.arch: 'amd64', os.version: '6.1', java.version: '1.8.0_144'
Driver info: org.openqa.selenium.chrome.ChromeDriver
Capabilities [{applicationCacheEnabled=false, rotatable=false, mobileEmulationEnabled=false, networkConnectionEnabled=false, chrome={chromedriverVersion=2.34.522940 (1a76f96f66e3ca7b8e57d503b4dd3bccfba87af1), userDataDir=C:\Users\JENKIN~1.USE\AppData\Local\Temp\scoped_dir4320_20089}, takesHeapSnapshot=true, pageLoadStrategy=normal, databaseEnabled=false, handlesAlerts=true, hasTouchScreen=false, version=64.0.3282.186, platform=XP, browserConnectionEnabled=false, nativeEvents=true, acceptSslCerts=true, locationContextEnabled=true, webStorageEnabled=true, browserName=chrome, takesScreenshot=true, javascriptEnabled=true, cssSelectorsEnabled=true, setWindowRect=true, unexpectedAlertBehaviour=}]
Session ID: 222e7dc48eb49e7976307187c30319a5]]>
            </message>
            <full-stacktrace>
              <![CDATA[org.openqa.selenium.TimeoutException: Expected condition failed: waiting for visibility of element located by By.xpath: //label[text()='Upload Files'] (tried for 30 second(s) with 500 MILLISECONDS interval)
Build info: version: '3.4.0', revision: 'unknown', time: 'unknown'
System info: host: 'QAWIN7QA01', ip: '10.103.15.72', os.name: 'Windows 7', os.arch: 'amd64', os.version: '6.1', java.version: '1.8.0_144'
Driver info: org.openqa.selenium.chrome.ChromeDriver
Capabilities [{applicationCacheEnabled=false, rotatable=false, mobileEmulationEnabled=false, networkConnectionEnabled=false, chrome={chromedriverVersion=2.34.522940 (1a76f96f66e3ca7b8e57d503b4dd3bccfba87af1), userDataDir=C:\Users\JENKIN~1.USE\AppData\Local\Temp\scoped_dir4320_20089}, takesHeapSnapshot=true, pageLoadStrategy=normal, databaseEnabled=false, handlesAlerts=true, hasTouchScreen=false, version=64.0.3282.186, platform=XP, browserConnectionEnabled=false, nativeEvents=true, acceptSslCerts=true, locationContextEnabled=true, webStorageEnabled=true, browserName=chrome, takesScreenshot=true, javascriptEnabled=true, cssSelectorsEnabled=true, setWindowRect=true, unexpectedAlertBehaviour=}]
Session ID: 222e7dc48eb49e7976307187c30319a5
	at org.openqa.selenium.support.ui.WebDriverWait.timeoutException(WebDriverWait.java:80)
	at org.openqa.selenium.support.ui.FluentWait.until(FluentWait.java:232)
	at com.cat.utility.WebAppCommon.waitForElementPresentByXpath(WebAppCommon.java:1386)
	at com.cat.utility.WebAppCommon.clickIdentifierXpath(WebAppCommon.java:1267)
	at com.cat.utility.WebAppCommon.getUploadImage(WebAppCommon.java:2196)
	at com.cat.AutomationScript.SelectableImageUtili.selectableimage(SelectableImageUtili.java:66)
	at com.cat.AutomationPage.SelectableImageTemplateScript.SelectableImagePageTC(SelectableImageTemplateScript.java:75)
	at sun.reflect.NativeMethodAccessorImpl.invoke0(Native Method)
	at sun.reflect.NativeMethodAccessorImpl.invoke(Unknown Source)
	at sun.reflect.DelegatingMethodAccessorImpl.invoke(Unknown Source)
	at java.lang.reflect.Method.invoke(Unknown Source)
	at org.testng.internal.MethodInvocationHelper.invokeMethod(MethodInvocationHelper.java:86)
	at org.testng.internal.Invoker.invokeMethod(Invoker.java:643)
	at org.testng.internal.Invoker.invokeTestMethod(Invoker.java:820)
	at org.testng.internal.Invoker.invokeTestMethods(Invoker.java:1128)
	at org.testng.internal.TestMethodWorker.invokeTestMethods(TestMethodWorker.java:129)
	at org.testng.internal.TestMethodWorker.run(TestMethodWorker.java:112)
	at org.testng.TestRunner.privateRun(TestRunner.java:782)
	at org.testng.TestRunner.run(TestRunner.java:632)
	at org.testng.SuiteRunner.runTest(SuiteRunner.java:366)
	at org.testng.SuiteRunner.runSequentially(SuiteRunner.java:361)
	at org.testng.SuiteRunner.privateRun(SuiteRunner.java:319)
	at org.testng.SuiteRunner.run(SuiteRunner.java:268)
	at org.testng.SuiteRunnerWorker.runSuite(SuiteRunnerWorker.java:52)
	at org.testng.SuiteRunnerWorker.run(SuiteRunnerWorker.java:86)
	at org.testng.TestNG.runSuitesSequentially(TestNG.java:1244)
	at org.testng.TestNG.runSuitesLocally(TestNG.java:1169)
	at org.testng.TestNG.run(TestNG.java:1064)
	at org.apache.maven.surefire.testng.TestNGExecutor.run(TestNGExecutor.java:281)
	at org.apache.maven.surefire.testng.TestNGXmlTestSuite.execute(TestNGXmlTestSuite.java:75)
	at org.apache.maven.surefire.testng.TestNGProvider.invoke(TestNGProvider.java:121)
	at org.apache.maven.surefire.booter.ForkedBooter.invokeProviderInSameClassLoader(ForkedBooter.java:290)
	at org.apache.maven.surefire.booter.ForkedBooter.runSuitesInProcess(ForkedBooter.java:242)
	at org.apache.maven.surefire.booter.ForkedBooter.main(ForkedBooter.java:121)
]]>
            </full-stacktrace>
          </exception> <!-- org.openqa.selenium.TimeoutException -->
          <reporter-output>
          </reporter-output>
        </test-method> <!-- SelectableImagePageTC -->
        <test-method status="PASS" signature="updateResult(org.testng.ITestResult, java.lang.reflect.Method)[pri:0, instance:com.cat.AutomationPage.SelectableImageTemplateScript@29ca901e]" name="updateResult" is-config="true" duration-ms="3806" started-at="2018-02-25T22:05:51Z" finished-at="2018-02-25T22:05:55Z">
          <params>
            <param index="0">
              <value>
                <![CDATA[[TestResult name=SelectableImagePageTC status=FAILURE method=SelectableImageTemplateScript.SelectableImagePageTC()[pri:0, instance:com.cat.AutomationPage.SelectableImageTemplateScript@29ca901e] output={null}]]]>
              </value>
            </param>
            <param index="1">
              <value>
                <![CDATA[void com.cat.AutomationPage.SelectableImageTemplateScript.SelectableImagePageTC() throws java.lang.Exception]]>
              </value>
            </param>
          </params>
          <reporter-output>
          </reporter-output>
        </test-method> <!-- updateResult -->
        <test-method status="SKIP" signature="CatLogOutTC()[pri:0, instance:com.cat.AutomationPage.SelectableImageTemplateScript@29ca901e]" name="CatLogOutTC" duration-ms="0" started-at="2018-02-25T22:05:55Z" depends-on-methods="com.cat.AutomationPage.SelectableImageTemplateScript.SelectableImagePageTC" finished-at="2018-02-25T22:05:55Z">
          <exception class="java.lang.Throwable">
            <message>
              <![CDATA[Method SelectableImageTemplateScript.CatLogOutTC()[pri:0, instance:com.cat.AutomationPage.SelectableImageTemplateScript@29ca901e] depends on not successfully finished methods]]>
            </message>
            <full-stacktrace>
              <![CDATA[java.lang.Throwable: Method SelectableImageTemplateScript.CatLogOutTC()[pri:0, instance:com.cat.AutomationPage.SelectableImageTemplateScript@29ca901e] depends on not successfully finished methods
	at org.testng.internal.Invoker.invokeTestMethods(Invoker.java:1037)
	at org.testng.internal.TestMethodWorker.invokeTestMethods(TestMethodWorker.java:129)
	at org.testng.internal.TestMethodWorker.run(TestMethodWorker.java:112)
	at org.testng.TestRunner.privateRun(TestRunner.java:782)
	at org.testng.TestRunner.run(TestRunner.java:632)
	at org.testng.SuiteRunner.runTest(SuiteRunner.java:366)
	at org.testng.SuiteRunner.runSequentially(SuiteRunner.java:361)
	at org.testng.SuiteRunner.privateRun(SuiteRunner.java:319)
	at org.testng.SuiteRunner.run(SuiteRunner.java:268)
	at org.testng.SuiteRunnerWorker.runSuite(SuiteRunnerWorker.java:52)
	at org.testng.SuiteRunnerWorker.run(SuiteRunnerWorker.java:86)
	at org.testng.TestNG.runSuitesSequentially(TestNG.java:1244)
	at org.testng.TestNG.runSuitesLocally(TestNG.java:1169)
	at org.testng.TestNG.run(TestNG.java:1064)
	at org.apache.maven.surefire.testng.TestNGExecutor.run(TestNGExecutor.java:281)
	at org.apache.maven.surefire.testng.TestNGXmlTestSuite.execute(TestNGXmlTestSuite.java:75)
	at org.apache.maven.surefire.testng.TestNGProvider.invoke(TestNGProvider.java:121)
	at org.apache.maven.surefire.booter.ForkedBooter.invokeProviderInSameClassLoader(ForkedBooter.java:290)
	at org.apache.maven.surefire.booter.ForkedBooter.runSuitesInProcess(ForkedBooter.java:242)
	at org.apache.maven.surefire.booter.ForkedBooter.main(ForkedBooter.java:121)
]]>
            </full-stacktrace>
          </exception> <!-- java.lang.Throwable -->
          <reporter-output>
          </reporter-output>
        </test-method> <!-- CatLogOutTC -->
        <test-method status="PASS" signature="closeBrowser()[pri:0, instance:com.cat.AutomationPage.SelectableImageTemplateScript@29ca901e]" name="closeBrowser" is-config="true" duration-ms="0" started-at="2018-02-25T22:05:55Z" finished-at="2018-02-25T22:05:55Z">
          <reporter-output>
          </reporter-output>
        </test-method> <!-- closeBrowser -->
        <test-method status="PASS" signature="loadAllTestLogor()[pri:0, instance:com.cat.AutomationPage.SelectableImageTemplateScript@29ca901e]" name="loadAllTestLogor" is-config="true" duration-ms="0" started-at="2018-02-25T22:05:55Z" finished-at="2018-02-25T22:05:55Z">
          <reporter-output>
          </reporter-output>
        </test-method> <!-- loadAllTestLogor -->
      </class> <!-- com.cat.AutomationPage.SelectableImageTemplateScript -->
    </test> <!-- SelectableImageTemplateScript Test -->
    <test name="CarouselTemplateScript Test" duration-ms="692113" started-at="2018-02-26T06:05:55Z" finished-at="2018-02-26T06:17:27Z">
      <class name="com.cat.AutomationPage.CarouselTemplateScript">
        <test-method status="PASS" signature="createHtmltView()[pri:0, instance:com.cat.AutomationPage.CarouselTemplateScript@4fe3c938]" name="createHtmltView" is-config="true" duration-ms="0" started-at="2018-02-25T22:05:55Z" finished-at="2018-02-25T22:05:55Z">
          <reporter-output>
          </reporter-output>
        </test-method> <!-- createHtmltView -->
        <test-method status="PASS" signature="openBrowser()[pri:0, instance:com.cat.AutomationPage.CarouselTemplateScript@4fe3c938]" name="openBrowser" is-config="true" duration-ms="0" started-at="2018-02-25T22:05:55Z" finished-at="2018-02-25T22:05:55Z">
          <reporter-output>
          </reporter-output>
        </test-method> <!-- openBrowser -->
        <test-method status="PASS" signature="loadLocater()[pri:0, instance:com.cat.AutomationPage.CarouselTemplateScript@4fe3c938]" name="loadLocater" is-config="true" duration-ms="25" started-at="2018-02-25T22:05:55Z" finished-at="2018-02-25T22:05:55Z">
          <reporter-output>
          </reporter-output>
        </test-method> <!-- loadLocater -->
        <test-method status="PASS" signature="CatLogicTC()[pri:0, instance:com.cat.AutomationPage.CarouselTemplateScript@4fe3c938]" name="CatLogicTC" duration-ms="3830" started-at="2018-02-25T22:05:55Z" finished-at="2018-02-25T22:05:58Z">
          <reporter-output>
          </reporter-output>
        </test-method> <!-- CatLogicTC -->
        <test-method status="PASS" signature="updateResult(org.testng.ITestResult, java.lang.reflect.Method)[pri:0, instance:com.cat.AutomationPage.CarouselTemplateScript@4fe3c938]" name="updateResult" is-config="true" duration-ms="49" started-at="2018-02-25T22:05:58Z" finished-at="2018-02-25T22:05:58Z">
          <params>
            <param index="0">
              <value>
                <![CDATA[[TestResult name=CatLogicTC status=SUCCESS method=CarouselTemplateScript.CatLogicTC()[pri:0, instance:com.cat.AutomationPage.CarouselTemplateScript@4fe3c938] output={null}]]]>
              </value>
            </param>
            <param index="1">
              <value>
                <![CDATA[void com.cat.AutomationPage.CarouselTemplateScript.CatLogicTC() throws java.lang.Exception]]>
              </value>
            </param>
          </params>
          <reporter-output>
          </reporter-output>
        </test-method> <!-- updateResult -->
        <test-method status="PASS" signature="loadLocater()[pri:0, instance:com.cat.AutomationPage.CarouselTemplateScript@4fe3c938]" name="loadLocater" is-config="true" duration-ms="9" started-at="2018-02-25T22:05:58Z" finished-at="2018-02-25T22:05:58Z">
          <reporter-output>
          </reporter-output>
        </test-method> <!-- loadLocater -->
        <test-method status="PASS" signature="CatResetTest()[pri:0, instance:com.cat.AutomationPage.CarouselTemplateScript@4fe3c938]" name="CatResetTest" duration-ms="19946" started-at="2018-02-25T22:05:58Z" depends-on-methods="com.cat.AutomationPage.CarouselTemplateScript.CatLogicTC" finished-at="2018-02-25T22:06:18Z">
          <reporter-output>
          </reporter-output>
        </test-method> <!-- CatResetTest -->
        <test-method status="PASS" signature="updateResult(org.testng.ITestResult, java.lang.reflect.Method)[pri:0, instance:com.cat.AutomationPage.CarouselTemplateScript@4fe3c938]" name="updateResult" is-config="true" duration-ms="80" started-at="2018-02-25T22:06:18Z" finished-at="2018-02-25T22:06:19Z">
          <params>
            <param index="0">
              <value>
                <![CDATA[[TestResult name=CatResetTest status=SUCCESS method=CarouselTemplateScript.CatResetTest()[pri:0, instance:com.cat.AutomationPage.CarouselTemplateScript@4fe3c938] output={null}]]]>
              </value>
            </param>
            <param index="1">
              <value>
                <![CDATA[void com.cat.AutomationPage.CarouselTemplateScript.CatResetTest() throws java.lang.Exception]]>
              </value>
            </param>
          </params>
          <reporter-output>
          </reporter-output>
        </test-method> <!-- updateResult -->
        <test-method status="PASS" signature="loadLocater()[pri:0, instance:com.cat.AutomationPage.CarouselTemplateScript@4fe3c938]" name="loadLocater" is-config="true" duration-ms="25" started-at="2018-02-25T22:06:19Z" finished-at="2018-02-25T22:06:19Z">
          <reporter-output>
          </reporter-output>
        </test-method> <!-- loadLocater -->
        <test-method status="PASS" signature="CatCreateCourseTC()[pri:0, instance:com.cat.AutomationPage.CarouselTemplateScript@4fe3c938]" name="CatCreateCourseTC" duration-ms="32118" started-at="2018-02-25T22:06:19Z" depends-on-methods="com.cat.AutomationPage.CarouselTemplateScript.CatResetTest" finished-at="2018-02-25T22:06:51Z">
          <reporter-output>
          </reporter-output>
        </test-method> <!-- CatCreateCourseTC -->
        <test-method status="PASS" signature="updateResult(org.testng.ITestResult, java.lang.reflect.Method)[pri:0, instance:com.cat.AutomationPage.CarouselTemplateScript@4fe3c938]" name="updateResult" is-config="true" duration-ms="83" started-at="2018-02-25T22:06:51Z" finished-at="2018-02-25T22:06:51Z">
          <params>
            <param index="0">
              <value>
                <![CDATA[[TestResult name=CatCreateCourseTC status=SUCCESS method=CarouselTemplateScript.CatCreateCourseTC()[pri:0, instance:com.cat.AutomationPage.CarouselTemplateScript@4fe3c938] output={null}]]]>
              </value>
            </param>
            <param index="1">
              <value>
                <![CDATA[void com.cat.AutomationPage.CarouselTemplateScript.CatCreateCourseTC() throws java.lang.Exception]]>
              </value>
            </param>
          </params>
          <reporter-output>
          </reporter-output>
        </test-method> <!-- updateResult -->
        <test-method status="PASS" signature="loadLocater()[pri:0, instance:com.cat.AutomationPage.CarouselTemplateScript@4fe3c938]" name="loadLocater" is-config="true" duration-ms="28" started-at="2018-02-25T22:06:51Z" finished-at="2018-02-25T22:06:51Z">
          <reporter-output>
          </reporter-output>
        </test-method> <!-- loadLocater -->
        <test-method status="PASS" signature="CatAddLesson()[pri:0, instance:com.cat.AutomationPage.CarouselTemplateScript@4fe3c938]" name="CatAddLesson" duration-ms="6532" started-at="2018-02-25T22:06:51Z" depends-on-methods="com.cat.AutomationPage.CarouselTemplateScript.CatCreateCourseTC" finished-at="2018-02-25T22:06:57Z">
          <reporter-output>
          </reporter-output>
        </test-method> <!-- CatAddLesson -->
        <test-method status="PASS" signature="updateResult(org.testng.ITestResult, java.lang.reflect.Method)[pri:0, instance:com.cat.AutomationPage.CarouselTemplateScript@4fe3c938]" name="updateResult" is-config="true" duration-ms="57" started-at="2018-02-25T22:06:57Z" finished-at="2018-02-25T22:06:57Z">
          <params>
            <param index="0">
              <value>
                <![CDATA[[TestResult name=CatAddLesson status=SUCCESS method=CarouselTemplateScript.CatAddLesson()[pri:0, instance:com.cat.AutomationPage.CarouselTemplateScript@4fe3c938] output={null}]]]>
              </value>
            </param>
            <param index="1">
              <value>
                <![CDATA[void com.cat.AutomationPage.CarouselTemplateScript.CatAddLesson() throws java.lang.Exception]]>
              </value>
            </param>
          </params>
          <reporter-output>
          </reporter-output>
        </test-method> <!-- updateResult -->
        <test-method status="PASS" signature="loadLocater()[pri:0, instance:com.cat.AutomationPage.CarouselTemplateScript@4fe3c938]" name="loadLocater" is-config="true" duration-ms="8" started-at="2018-02-25T22:06:57Z" finished-at="2018-02-25T22:06:57Z">
          <reporter-output>
          </reporter-output>
        </test-method> <!-- loadLocater -->
        <test-method status="PASS" signature="CatAddTopic()[pri:0, instance:com.cat.AutomationPage.CarouselTemplateScript@4fe3c938]" name="CatAddTopic" duration-ms="4637" started-at="2018-02-25T22:06:57Z" depends-on-methods="com.cat.AutomationPage.CarouselTemplateScript.CatAddLesson" finished-at="2018-02-25T22:07:02Z">
          <reporter-output>
          </reporter-output>
        </test-method> <!-- CatAddTopic -->
        <test-method status="PASS" signature="updateResult(org.testng.ITestResult, java.lang.reflect.Method)[pri:0, instance:com.cat.AutomationPage.CarouselTemplateScript@4fe3c938]" name="updateResult" is-config="true" duration-ms="82" started-at="2018-02-25T22:07:02Z" finished-at="2018-02-25T22:07:02Z">
          <params>
            <param index="0">
              <value>
                <![CDATA[[TestResult name=CatAddTopic status=SUCCESS method=CarouselTemplateScript.CatAddTopic()[pri:0, instance:com.cat.AutomationPage.CarouselTemplateScript@4fe3c938] output={null}]]]>
              </value>
            </param>
            <param index="1">
              <value>
                <![CDATA[void com.cat.AutomationPage.CarouselTemplateScript.CatAddTopic() throws java.lang.Exception]]>
              </value>
            </param>
          </params>
          <reporter-output>
          </reporter-output>
        </test-method> <!-- updateResult -->
        <test-method status="PASS" signature="loadLocater()[pri:0, instance:com.cat.AutomationPage.CarouselTemplateScript@4fe3c938]" name="loadLocater" is-config="true" duration-ms="24" started-at="2018-02-25T22:07:02Z" finished-at="2018-02-25T22:07:02Z">
          <reporter-output>
          </reporter-output>
        </test-method> <!-- loadLocater -->
        <test-method status="PASS" signature="CatAddPage()[pri:0, instance:com.cat.AutomationPage.CarouselTemplateScript@4fe3c938]" name="CatAddPage" duration-ms="9298" started-at="2018-02-25T22:07:02Z" depends-on-methods="com.cat.AutomationPage.CarouselTemplateScript.CatAddTopic" finished-at="2018-02-25T22:07:11Z">
          <reporter-output>
          </reporter-output>
        </test-method> <!-- CatAddPage -->
        <test-method status="PASS" signature="updateResult(org.testng.ITestResult, java.lang.reflect.Method)[pri:0, instance:com.cat.AutomationPage.CarouselTemplateScript@4fe3c938]" name="updateResult" is-config="true" duration-ms="179" started-at="2018-02-25T22:07:11Z" finished-at="2018-02-25T22:07:12Z">
          <params>
            <param index="0">
              <value>
                <![CDATA[[TestResult name=CatAddPage status=SUCCESS method=CarouselTemplateScript.CatAddPage()[pri:0, instance:com.cat.AutomationPage.CarouselTemplateScript@4fe3c938] output={null}]]]>
              </value>
            </param>
            <param index="1">
              <value>
                <![CDATA[void com.cat.AutomationPage.CarouselTemplateScript.CatAddPage() throws java.lang.Exception]]>
              </value>
            </param>
          </params>
          <reporter-output>
          </reporter-output>
        </test-method> <!-- updateResult -->
        <test-method status="PASS" signature="loadLocater()[pri:0, instance:com.cat.AutomationPage.CarouselTemplateScript@4fe3c938]" name="loadLocater" is-config="true" duration-ms="72" started-at="2018-02-25T22:07:12Z" finished-at="2018-02-25T22:07:12Z">
          <reporter-output>
          </reporter-output>
        </test-method> <!-- loadLocater -->
        <test-method status="FAIL" signature="CatEditCarouselTemplate()[pri:0, instance:com.cat.AutomationPage.CarouselTemplateScript@4fe3c938]" name="CatEditCarouselTemplate" duration-ms="242968" started-at="2018-02-25T22:07:12Z" depends-on-methods="com.cat.AutomationPage.CarouselTemplateScript.CatAddPage" finished-at="2018-02-25T22:11:15Z">
          <exception class="org.openqa.selenium.TimeoutException">
            <message>
              <![CDATA[Expected condition failed: waiting for visibility of element located by By.xpath: //label[text()='Upload Files'] (tried for 30 second(s) with 500 MILLISECONDS interval)
Build info: version: '3.4.0', revision: 'unknown', time: 'unknown'
System info: host: 'QAWIN7QA01', ip: '10.103.15.72', os.name: 'Windows 7', os.arch: 'amd64', os.version: '6.1', java.version: '1.8.0_144'
Driver info: org.openqa.selenium.chrome.ChromeDriver
Capabilities [{applicationCacheEnabled=false, rotatable=false, mobileEmulationEnabled=false, networkConnectionEnabled=false, chrome={chromedriverVersion=2.34.522940 (1a76f96f66e3ca7b8e57d503b4dd3bccfba87af1), userDataDir=C:\Users\JENKIN~1.USE\AppData\Local\Temp\scoped_dir4320_20089}, takesHeapSnapshot=true, pageLoadStrategy=normal, databaseEnabled=false, handlesAlerts=true, hasTouchScreen=false, version=64.0.3282.186, platform=XP, browserConnectionEnabled=false, nativeEvents=true, acceptSslCerts=true, locationContextEnabled=true, webStorageEnabled=true, browserName=chrome, takesScreenshot=true, javascriptEnabled=true, cssSelectorsEnabled=true, setWindowRect=true, unexpectedAlertBehaviour=}]
Session ID: 222e7dc48eb49e7976307187c30319a5]]>
            </message>
            <full-stacktrace>
              <![CDATA[org.openqa.selenium.TimeoutException: Expected condition failed: waiting for visibility of element located by By.xpath: //label[text()='Upload Files'] (tried for 30 second(s) with 500 MILLISECONDS interval)
Build info: version: '3.4.0', revision: 'unknown', time: 'unknown'
System info: host: 'QAWIN7QA01', ip: '10.103.15.72', os.name: 'Windows 7', os.arch: 'amd64', os.version: '6.1', java.version: '1.8.0_144'
Driver info: org.openqa.selenium.chrome.ChromeDriver
Capabilities [{applicationCacheEnabled=false, rotatable=false, mobileEmulationEnabled=false, networkConnectionEnabled=false, chrome={chromedriverVersion=2.34.522940 (1a76f96f66e3ca7b8e57d503b4dd3bccfba87af1), userDataDir=C:\Users\JENKIN~1.USE\AppData\Local\Temp\scoped_dir4320_20089}, takesHeapSnapshot=true, pageLoadStrategy=normal, databaseEnabled=false, handlesAlerts=true, hasTouchScreen=false, version=64.0.3282.186, platform=XP, browserConnectionEnabled=false, nativeEvents=true, acceptSslCerts=true, locationContextEnabled=true, webStorageEnabled=true, browserName=chrome, takesScreenshot=true, javascriptEnabled=true, cssSelectorsEnabled=true, setWindowRect=true, unexpectedAlertBehaviour=}]
Session ID: 222e7dc48eb49e7976307187c30319a5
	at org.openqa.selenium.support.ui.WebDriverWait.timeoutException(WebDriverWait.java:80)
	at org.openqa.selenium.support.ui.FluentWait.until(FluentWait.java:232)
	at com.cat.utility.WebAppCommon.waitForElementPresentByXpath(WebAppCommon.java:1386)
	at com.cat.utility.WebAppCommon.clickIdentifierXpath(WebAppCommon.java:1267)
	at com.cat.utility.WebAppCommon.getUploadImage(WebAppCommon.java:2196)
	at com.cat.AutomationScript.CarouselTemplateUtili.editCarouselTemplate(CarouselTemplateUtili.java:76)
	at com.cat.AutomationPage.CarouselTemplateScript.CatEditCarouselTemplate(CarouselTemplateScript.java:77)
	at sun.reflect.NativeMethodAccessorImpl.invoke0(Native Method)
	at sun.reflect.NativeMethodAccessorImpl.invoke(Unknown Source)
	at sun.reflect.DelegatingMethodAccessorImpl.invoke(Unknown Source)
	at java.lang.reflect.Method.invoke(Unknown Source)
	at org.testng.internal.MethodInvocationHelper.invokeMethod(MethodInvocationHelper.java:86)
	at org.testng.internal.Invoker.invokeMethod(Invoker.java:643)
	at org.testng.internal.Invoker.invokeTestMethod(Invoker.java:820)
	at org.testng.internal.Invoker.invokeTestMethods(Invoker.java:1128)
	at org.testng.internal.TestMethodWorker.invokeTestMethods(TestMethodWorker.java:129)
	at org.testng.internal.TestMethodWorker.run(TestMethodWorker.java:112)
	at org.testng.TestRunner.privateRun(TestRunner.java:782)
	at org.testng.TestRunner.run(TestRunner.java:632)
	at org.testng.SuiteRunner.runTest(SuiteRunner.java:366)
	at org.testng.SuiteRunner.runSequentially(SuiteRunner.java:361)
	at org.testng.SuiteRunner.privateRun(SuiteRunner.java:319)
	at org.testng.SuiteRunner.run(SuiteRunner.java:268)
	at org.testng.SuiteRunnerWorker.runSuite(SuiteRunnerWorker.java:52)
	at org.testng.SuiteRunnerWorker.run(SuiteRunnerWorker.java:86)
	at org.testng.TestNG.runSuitesSequentially(TestNG.java:1244)
	at org.testng.TestNG.runSuitesLocally(TestNG.java:1169)
	at org.testng.TestNG.run(TestNG.java:1064)
	at org.apache.maven.surefire.testng.TestNGExecutor.run(TestNGExecutor.java:281)
	at org.apache.maven.surefire.testng.TestNGXmlTestSuite.execute(TestNGXmlTestSuite.java:75)
	at org.apache.maven.surefire.testng.TestNGProvider.invoke(TestNGProvider.java:121)
	at org.apache.maven.surefire.booter.ForkedBooter.invokeProviderInSameClassLoader(ForkedBooter.java:290)
	at org.apache.maven.surefire.booter.ForkedBooter.runSuitesInProcess(ForkedBooter.java:242)
	at org.apache.maven.surefire.booter.ForkedBooter.main(ForkedBooter.java:121)
]]>
            </full-stacktrace>
          </exception> <!-- org.openqa.selenium.TimeoutException -->
          <reporter-output>
          </reporter-output>
        </test-method> <!-- CatEditCarouselTemplate -->
        <test-method status="PASS" signature="updateResult(org.testng.ITestResult, java.lang.reflect.Method)[pri:0, instance:com.cat.AutomationPage.CarouselTemplateScript@4fe3c938]" name="updateResult" is-config="true" duration-ms="3549" started-at="2018-02-25T22:11:15Z" finished-at="2018-02-25T22:11:18Z">
          <params>
            <param index="0">
              <value>
                <![CDATA[[TestResult name=CatEditCarouselTemplate status=FAILURE method=CarouselTemplateScript.CatEditCarouselTemplate()[pri:0, instance:com.cat.AutomationPage.CarouselTemplateScript@4fe3c938] output={null}]]]>
              </value>
            </param>
            <param index="1">
              <value>
                <![CDATA[void com.cat.AutomationPage.CarouselTemplateScript.CatEditCarouselTemplate() throws java.lang.Exception]]>
              </value>
            </param>
          </params>
          <reporter-output>
          </reporter-output>
        </test-method> <!-- updateResult -->
        <test-method status="PASS" signature="loadLocater()[pri:0, instance:com.cat.AutomationPage.CarouselTemplateScript@4fe3c938]" name="loadLocater" is-config="true" duration-ms="23" started-at="2018-02-25T22:11:18Z" finished-at="2018-02-25T22:11:18Z">
          <reporter-output>
          </reporter-output>
        </test-method> <!-- loadLocater -->
        <test-method status="FAIL" signature="CatLogOutTC()[pri:0, instance:com.cat.AutomationPage.CarouselTemplateScript@4fe3c938]" name="CatLogOutTC" duration-ms="180020" started-at="2018-02-25T22:11:18Z" depends-on-methods="com.cat.AutomationPage.CarouselTemplateScript.CatAddPage" finished-at="2018-02-25T22:14:18Z">
          <exception class="org.openqa.selenium.TimeoutException">
            <message>
              <![CDATA[Expected condition failed: waiting for visibility of element located by By.xpath: //ul[@class='nav navbar-nav nav-pills pull-right']/li[2]/a (tried for 30 second(s) with 500 MILLISECONDS interval)]]>
            </message>
            <full-stacktrace>
              <![CDATA[org.openqa.selenium.TimeoutException: Expected condition failed: waiting for visibility of element located by By.xpath: //ul[@class='nav navbar-nav nav-pills pull-right']/li[2]/a (tried for 30 second(s) with 500 MILLISECONDS interval)
	at org.openqa.selenium.support.ui.WebDriverWait.timeoutException(WebDriverWait.java:80)
	at org.openqa.selenium.support.ui.FluentWait.until(FluentWait.java:232)
	at com.cat.utility.WebAppCommon.waitForElementPresentByXpath(WebAppCommon.java:1386)
	at com.cat.utility.WebAppCommon.clickIdentifierXpath(WebAppCommon.java:1267)
	at com.cat.AutomationScript.ConsultTemplateUtili.logout(ConsultTemplateUtili.java:545)
	at com.cat.AutomationPage.CarouselTemplateScript.CatLogOutTC(CarouselTemplateScript.java:85)
	at sun.reflect.NativeMethodAccessorImpl.invoke0(Native Method)
	at sun.reflect.NativeMethodAccessorImpl.invoke(Unknown Source)
	at sun.reflect.DelegatingMethodAccessorImpl.invoke(Unknown Source)
	at java.lang.reflect.Method.invoke(Unknown Source)
	at org.testng.internal.MethodInvocationHelper.invokeMethod(MethodInvocationHelper.java:86)
	at org.testng.internal.Invoker.invokeMethod(Invoker.java:643)
	at org.testng.internal.Invoker.invokeTestMethod(Invoker.java:820)
	at org.testng.internal.Invoker.invokeTestMethods(Invoker.java:1128)
	at org.testng.internal.TestMethodWorker.invokeTestMethods(TestMethodWorker.java:129)
	at org.testng.internal.TestMethodWorker.run(TestMethodWorker.java:112)
	at org.testng.TestRunner.privateRun(TestRunner.java:782)
	at org.testng.TestRunner.run(TestRunner.java:632)
	at org.testng.SuiteRunner.runTest(SuiteRunner.java:366)
	at org.testng.SuiteRunner.runSequentially(SuiteRunner.java:361)
	at org.testng.SuiteRunner.privateRun(SuiteRunner.java:319)
	at org.testng.SuiteRunner.run(SuiteRunner.java:268)
	at org.testng.SuiteRunnerWorker.runSuite(SuiteRunnerWorker.java:52)
	at org.testng.SuiteRunnerWorker.run(SuiteRunnerWorker.java:86)
	at org.testng.TestNG.runSuitesSequentially(TestNG.java:1244)
	at org.testng.TestNG.runSuitesLocally(TestNG.java:1169)
	at org.testng.TestNG.run(TestNG.java:1064)
	at org.apache.maven.surefire.testng.TestNGExecutor.run(TestNGExecutor.java:281)
	at org.apache.maven.surefire.testng.TestNGXmlTestSuite.execute(TestNGXmlTestSuite.java:75)
	at org.apache.maven.surefire.testng.TestNGProvider.invoke(TestNGProvider.java:121)
	at org.apache.maven.surefire.booter.ForkedBooter.invokeProviderInSameClassLoader(ForkedBooter.java:290)
	at org.apache.maven.surefire.booter.ForkedBooter.runSuitesInProcess(ForkedBooter.java:242)
	at org.apache.maven.surefire.booter.ForkedBooter.main(ForkedBooter.java:121)
Caused by: org.openqa.selenium.NoSuchElementException: Cannot locate an element using By.xpath: //ul[@class='nav navbar-nav nav-pills pull-right']/li[2]/a
For documentation on this error, please visit: http://seleniumhq.org/exceptions/no_such_element.html
Build info: version: '3.4.0', revision: 'unknown', time: 'unknown'
System info: host: 'QAWIN7QA01', ip: '10.103.15.72', os.name: 'Windows 7', os.arch: 'amd64', os.version: '6.1', java.version: '1.8.0_144'
Driver info: driver.version: unknown
	at org.openqa.selenium.support.ui.ExpectedConditions.lambda$findElement$0(ExpectedConditions.java:883)
	at java.util.Optional.orElseThrow(Unknown Source)
	at org.openqa.selenium.support.ui.ExpectedConditions.findElement(ExpectedConditions.java:882)
	at org.openqa.selenium.support.ui.ExpectedConditions.access$000(ExpectedConditions.java:44)
	at org.openqa.selenium.support.ui.ExpectedConditions$7.apply(ExpectedConditions.java:206)
	at org.openqa.selenium.support.ui.ExpectedConditions$7.apply(ExpectedConditions.java:202)
	at org.openqa.selenium.support.ui.FluentWait.until(FluentWait.java:209)
	... 31 more
]]>
            </full-stacktrace>
          </exception> <!-- org.openqa.selenium.TimeoutException -->
          <reporter-output>
          </reporter-output>
        </test-method> <!-- CatLogOutTC -->
        <test-method status="PASS" signature="updateResult(org.testng.ITestResult, java.lang.reflect.Method)[pri:0, instance:com.cat.AutomationPage.CarouselTemplateScript@4fe3c938]" name="updateResult" is-config="true" duration-ms="188461" started-at="2018-02-25T22:14:18Z" finished-at="2018-02-25T22:17:27Z">
          <params>
            <param index="0">
              <value>
                <![CDATA[[TestResult name=CatLogOutTC status=FAILURE method=CarouselTemplateScript.CatLogOutTC()[pri:0, instance:com.cat.AutomationPage.CarouselTemplateScript@4fe3c938] output={null}]]]>
              </value>
            </param>
            <param index="1">
              <value>
                <![CDATA[void com.cat.AutomationPage.CarouselTemplateScript.CatLogOutTC() throws java.lang.Exception]]>
              </value>
            </param>
          </params>
          <reporter-output>
          </reporter-output>
        </test-method> <!-- updateResult -->
        <test-method status="PASS" signature="closeBrowser()[pri:0, instance:com.cat.AutomationPage.CarouselTemplateScript@4fe3c938]" name="closeBrowser" is-config="true" duration-ms="1" started-at="2018-02-25T22:17:27Z" finished-at="2018-02-25T22:17:27Z">
          <reporter-output>
          </reporter-output>
        </test-method> <!-- closeBrowser -->
        <test-method status="PASS" signature="loadAllTestLogor()[pri:0, instance:com.cat.AutomationPage.CarouselTemplateScript@4fe3c938]" name="loadAllTestLogor" is-config="true" duration-ms="0" started-at="2018-02-25T22:17:27Z" finished-at="2018-02-25T22:17:27Z">
          <reporter-output>
          </reporter-output>
        </test-method> <!-- loadAllTestLogor -->
      </class> <!-- com.cat.AutomationPage.CarouselTemplateScript -->
    </test> <!-- CarouselTemplateScript Test -->
    <test name="EditDragAndDropTemplateScript Test" duration-ms="423394" started-at="2018-02-26T06:17:27Z" finished-at="2018-02-26T06:24:30Z">
      <class name="com.cat.AutomationPage.EditDragAndDropTemplateScript">
        <test-method status="PASS" signature="createHtmltView()[pri:0, instance:com.cat.AutomationPage.EditDragAndDropTemplateScript@527740a2]" name="createHtmltView" is-config="true" duration-ms="0" started-at="2018-02-25T22:17:27Z" finished-at="2018-02-25T22:17:27Z">
          <reporter-output>
          </reporter-output>
        </test-method> <!-- createHtmltView -->
        <test-method status="PASS" signature="openBrowser()[pri:0, instance:com.cat.AutomationPage.EditDragAndDropTemplateScript@527740a2]" name="openBrowser" is-config="true" duration-ms="1" started-at="2018-02-25T22:17:27Z" finished-at="2018-02-25T22:17:27Z">
          <reporter-output>
          </reporter-output>
        </test-method> <!-- openBrowser -->
        <test-method status="PASS" signature="loadLocater()[pri:0, instance:com.cat.AutomationPage.EditDragAndDropTemplateScript@527740a2]" name="loadLocater" is-config="true" duration-ms="26" started-at="2018-02-25T22:17:27Z" finished-at="2018-02-25T22:17:27Z">
          <reporter-output>
          </reporter-output>
        </test-method> <!-- loadLocater -->
        <test-method status="PASS" signature="CatLogicTC()[pri:0, instance:com.cat.AutomationPage.EditDragAndDropTemplateScript@527740a2]" name="CatLogicTC" duration-ms="3864" started-at="2018-02-25T22:17:27Z" finished-at="2018-02-25T22:17:31Z">
          <reporter-output>
          </reporter-output>
        </test-method> <!-- CatLogicTC -->
        <test-method status="PASS" signature="updateResult(org.testng.ITestResult, java.lang.reflect.Method)[pri:0, instance:com.cat.AutomationPage.EditDragAndDropTemplateScript@527740a2]" name="updateResult" is-config="true" duration-ms="48" started-at="2018-02-25T22:17:31Z" finished-at="2018-02-25T22:17:31Z">
          <params>
            <param index="0">
              <value>
                <![CDATA[[TestResult name=CatLogicTC status=SUCCESS method=EditDragAndDropTemplateScript.CatLogicTC()[pri:0, instance:com.cat.AutomationPage.EditDragAndDropTemplateScript@527740a2] output={null}]]]>
              </value>
            </param>
            <param index="1">
              <value>
                <![CDATA[void com.cat.AutomationPage.EditDragAndDropTemplateScript.CatLogicTC() throws java.lang.Exception]]>
              </value>
            </param>
          </params>
          <reporter-output>
          </reporter-output>
        </test-method> <!-- updateResult -->
        <test-method status="PASS" signature="loadLocater()[pri:0, instance:com.cat.AutomationPage.EditDragAndDropTemplateScript@527740a2]" name="loadLocater" is-config="true" duration-ms="8" started-at="2018-02-25T22:17:31Z" finished-at="2018-02-25T22:17:31Z">
          <reporter-output>
          </reporter-output>
        </test-method> <!-- loadLocater -->
        <test-method status="PASS" signature="CatResetTest()[pri:0, instance:com.cat.AutomationPage.EditDragAndDropTemplateScript@527740a2]" name="CatResetTest" duration-ms="22887" started-at="2018-02-25T22:17:31Z" depends-on-methods="com.cat.AutomationPage.EditDragAndDropTemplateScript.CatLogicTC" finished-at="2018-02-25T22:17:54Z">
          <reporter-output>
          </reporter-output>
        </test-method> <!-- CatResetTest -->
        <test-method status="PASS" signature="updateResult(org.testng.ITestResult, java.lang.reflect.Method)[pri:0, instance:com.cat.AutomationPage.EditDragAndDropTemplateScript@527740a2]" name="updateResult" is-config="true" duration-ms="45" started-at="2018-02-25T22:17:54Z" finished-at="2018-02-25T22:17:54Z">
          <params>
            <param index="0">
              <value>
                <![CDATA[[TestResult name=CatResetTest status=SUCCESS method=EditDragAndDropTemplateScript.CatResetTest()[pri:0, instance:com.cat.AutomationPage.EditDragAndDropTemplateScript@527740a2] output={null}]]]>
              </value>
            </param>
            <param index="1">
              <value>
                <![CDATA[void com.cat.AutomationPage.EditDragAndDropTemplateScript.CatResetTest() throws java.lang.Exception]]>
              </value>
            </param>
          </params>
          <reporter-output>
          </reporter-output>
        </test-method> <!-- updateResult -->
        <test-method status="PASS" signature="loadLocater()[pri:0, instance:com.cat.AutomationPage.EditDragAndDropTemplateScript@527740a2]" name="loadLocater" is-config="true" duration-ms="8" started-at="2018-02-25T22:17:54Z" finished-at="2018-02-25T22:17:54Z">
          <reporter-output>
          </reporter-output>
        </test-method> <!-- loadLocater -->
        <test-method status="FAIL" signature="CatCreateCourseTC()[pri:0, instance:com.cat.AutomationPage.EditDragAndDropTemplateScript@527740a2]" name="CatCreateCourseTC" duration-ms="392718" started-at="2018-02-25T22:17:54Z" depends-on-methods="com.cat.AutomationPage.EditDragAndDropTemplateScript.CatResetTest" finished-at="2018-02-25T22:24:26Z">
          <exception class="org.openqa.selenium.TimeoutException">
            <message>
              <![CDATA[Expected condition failed: waiting for visibility of element located by By.xpath: //*[@id='messageDialog']/tr/td[2] (tried for 200 second(s) with 500 MILLISECONDS interval)]]>
            </message>
            <full-stacktrace>
              <![CDATA[org.openqa.selenium.TimeoutException: Expected condition failed: waiting for visibility of element located by By.xpath: //*[@id='messageDialog']/tr/td[2] (tried for 200 second(s) with 500 MILLISECONDS interval)
	at org.openqa.selenium.support.ui.WebDriverWait.timeoutException(WebDriverWait.java:80)
	at org.openqa.selenium.support.ui.FluentWait.until(FluentWait.java:232)
	at com.cat.utility.WebAppCommon.getWaitForElementPresent(WebAppCommon.java:1651)
	at com.cat.AutomationScript.ConsultTemplateUtili.createCourse(ConsultTemplateUtili.java:133)
	at com.cat.AutomationPage.EditDragAndDropTemplateScript.CatCreateCourseTC(EditDragAndDropTemplateScript.java:40)
	at sun.reflect.NativeMethodAccessorImpl.invoke0(Native Method)
	at sun.reflect.NativeMethodAccessorImpl.invoke(Unknown Source)
	at sun.reflect.DelegatingMethodAccessorImpl.invoke(Unknown Source)
	at java.lang.reflect.Method.invoke(Unknown Source)
	at org.testng.internal.MethodInvocationHelper.invokeMethod(MethodInvocationHelper.java:86)
	at org.testng.internal.Invoker.invokeMethod(Invoker.java:643)
	at org.testng.internal.Invoker.invokeTestMethod(Invoker.java:820)
	at org.testng.internal.Invoker.invokeTestMethods(Invoker.java:1128)
	at org.testng.internal.TestMethodWorker.invokeTestMethods(TestMethodWorker.java:129)
	at org.testng.internal.TestMethodWorker.run(TestMethodWorker.java:112)
	at org.testng.TestRunner.privateRun(TestRunner.java:782)
	at org.testng.TestRunner.run(TestRunner.java:632)
	at org.testng.SuiteRunner.runTest(SuiteRunner.java:366)
	at org.testng.SuiteRunner.runSequentially(SuiteRunner.java:361)
	at org.testng.SuiteRunner.privateRun(SuiteRunner.java:319)
	at org.testng.SuiteRunner.run(SuiteRunner.java:268)
	at org.testng.SuiteRunnerWorker.runSuite(SuiteRunnerWorker.java:52)
	at org.testng.SuiteRunnerWorker.run(SuiteRunnerWorker.java:86)
	at org.testng.TestNG.runSuitesSequentially(TestNG.java:1244)
	at org.testng.TestNG.runSuitesLocally(TestNG.java:1169)
	at org.testng.TestNG.run(TestNG.java:1064)
	at org.apache.maven.surefire.testng.TestNGExecutor.run(TestNGExecutor.java:281)
	at org.apache.maven.surefire.testng.TestNGXmlTestSuite.execute(TestNGXmlTestSuite.java:75)
	at org.apache.maven.surefire.testng.TestNGProvider.invoke(TestNGProvider.java:121)
	at org.apache.maven.surefire.booter.ForkedBooter.invokeProviderInSameClassLoader(ForkedBooter.java:290)
	at org.apache.maven.surefire.booter.ForkedBooter.runSuitesInProcess(ForkedBooter.java:242)
	at org.apache.maven.surefire.booter.ForkedBooter.main(ForkedBooter.java:121)
Caused by: org.openqa.selenium.NoSuchElementException: Cannot locate an element using By.xpath: //*[@id='messageDialog']/tr/td[2]
For documentation on this error, please visit: http://seleniumhq.org/exceptions/no_such_element.html
Build info: version: '3.4.0', revision: 'unknown', time: 'unknown'
System info: host: 'QAWIN7QA01', ip: '10.103.15.72', os.name: 'Windows 7', os.arch: 'amd64', os.version: '6.1', java.version: '1.8.0_144'
Driver info: driver.version: unknown
	at org.openqa.selenium.support.ui.ExpectedConditions.lambda$findElement$0(ExpectedConditions.java:883)
	at java.util.Optional.orElseThrow(Unknown Source)
	at org.openqa.selenium.support.ui.ExpectedConditions.findElement(ExpectedConditions.java:882)
	at org.openqa.selenium.support.ui.ExpectedConditions.access$000(ExpectedConditions.java:44)
	at org.openqa.selenium.support.ui.ExpectedConditions$7.apply(ExpectedConditions.java:206)
	at org.openqa.selenium.support.ui.ExpectedConditions$7.apply(ExpectedConditions.java:202)
	at org.openqa.selenium.support.ui.FluentWait.until(FluentWait.java:209)
	... 30 more
]]>
            </full-stacktrace>
          </exception> <!-- org.openqa.selenium.TimeoutException -->
          <reporter-output>
          </reporter-output>
        </test-method> <!-- CatCreateCourseTC -->
        <test-method status="PASS" signature="updateResult(org.testng.ITestResult, java.lang.reflect.Method)[pri:0, instance:com.cat.AutomationPage.EditDragAndDropTemplateScript@527740a2]" name="updateResult" is-config="true" duration-ms="3780" started-at="2018-02-25T22:24:26Z" finished-at="2018-02-25T22:24:30Z">
          <params>
            <param index="0">
              <value>
                <![CDATA[[TestResult name=CatCreateCourseTC status=FAILURE method=EditDragAndDropTemplateScript.CatCreateCourseTC()[pri:0, instance:com.cat.AutomationPage.EditDragAndDropTemplateScript@527740a2] output={null}]]]>
              </value>
            </param>
            <param index="1">
              <value>
                <![CDATA[void com.cat.AutomationPage.EditDragAndDropTemplateScript.CatCreateCourseTC() throws java.lang.Exception]]>
              </value>
            </param>
          </params>
          <reporter-output>
          </reporter-output>
        </test-method> <!-- updateResult -->
        <test-method status="SKIP" signature="CatAddTopic()[pri:0, instance:com.cat.AutomationPage.EditDragAndDropTemplateScript@527740a2]" name="CatAddTopic" duration-ms="0" started-at="2018-02-25T22:24:30Z" depends-on-methods="com.cat.AutomationPage.EditDragAndDropTemplateScript.CatAddLesson" finished-at="2018-02-25T22:24:30Z">
          <exception class="java.lang.Throwable">
            <message>
              <![CDATA[Method EditDragAndDropTemplateScript.CatAddTopic()[pri:0, instance:com.cat.AutomationPage.EditDragAndDropTemplateScript@527740a2] depends on not successfully finished methods]]>
            </message>
            <full-stacktrace>
              <![CDATA[java.lang.Throwable: Method EditDragAndDropTemplateScript.CatAddTopic()[pri:0, instance:com.cat.AutomationPage.EditDragAndDropTemplateScript@527740a2] depends on not successfully finished methods
	at org.testng.internal.Invoker.invokeTestMethods(Invoker.java:1037)
	at org.testng.internal.TestMethodWorker.invokeTestMethods(TestMethodWorker.java:129)
	at org.testng.internal.TestMethodWorker.run(TestMethodWorker.java:112)
	at org.testng.TestRunner.privateRun(TestRunner.java:782)
	at org.testng.TestRunner.run(TestRunner.java:632)
	at org.testng.SuiteRunner.runTest(SuiteRunner.java:366)
	at org.testng.SuiteRunner.runSequentially(SuiteRunner.java:361)
	at org.testng.SuiteRunner.privateRun(SuiteRunner.java:319)
	at org.testng.SuiteRunner.run(SuiteRunner.java:268)
	at org.testng.SuiteRunnerWorker.runSuite(SuiteRunnerWorker.java:52)
	at org.testng.SuiteRunnerWorker.run(SuiteRunnerWorker.java:86)
	at org.testng.TestNG.runSuitesSequentially(TestNG.java:1244)
	at org.testng.TestNG.runSuitesLocally(TestNG.java:1169)
	at org.testng.TestNG.run(TestNG.java:1064)
	at org.apache.maven.surefire.testng.TestNGExecutor.run(TestNGExecutor.java:281)
	at org.apache.maven.surefire.testng.TestNGXmlTestSuite.execute(TestNGXmlTestSuite.java:75)
	at org.apache.maven.surefire.testng.TestNGProvider.invoke(TestNGProvider.java:121)
	at org.apache.maven.surefire.booter.ForkedBooter.invokeProviderInSameClassLoader(ForkedBooter.java:290)
	at org.apache.maven.surefire.booter.ForkedBooter.runSuitesInProcess(ForkedBooter.java:242)
	at org.apache.maven.surefire.booter.ForkedBooter.main(ForkedBooter.java:121)
]]>
            </full-stacktrace>
          </exception> <!-- java.lang.Throwable -->
          <reporter-output>
          </reporter-output>
        </test-method> <!-- CatAddTopic -->
        <test-method status="SKIP" signature="CatAddLesson()[pri:0, instance:com.cat.AutomationPage.EditDragAndDropTemplateScript@527740a2]" name="CatAddLesson" duration-ms="0" started-at="2018-02-25T22:24:30Z" depends-on-methods="com.cat.AutomationPage.EditDragAndDropTemplateScript.CatCreateCourseTC" finished-at="2018-02-25T22:24:30Z">
          <exception class="java.lang.Throwable">
            <message>
              <![CDATA[Method EditDragAndDropTemplateScript.CatAddLesson()[pri:0, instance:com.cat.AutomationPage.EditDragAndDropTemplateScript@527740a2] depends on not successfully finished methods]]>
            </message>
            <full-stacktrace>
              <![CDATA[java.lang.Throwable: Method EditDragAndDropTemplateScript.CatAddLesson()[pri:0, instance:com.cat.AutomationPage.EditDragAndDropTemplateScript@527740a2] depends on not successfully finished methods
	at org.testng.internal.Invoker.invokeTestMethods(Invoker.java:1037)
	at org.testng.internal.TestMethodWorker.invokeTestMethods(TestMethodWorker.java:129)
	at org.testng.internal.TestMethodWorker.run(TestMethodWorker.java:112)
	at org.testng.TestRunner.privateRun(TestRunner.java:782)
	at org.testng.TestRunner.run(TestRunner.java:632)
	at org.testng.SuiteRunner.runTest(SuiteRunner.java:366)
	at org.testng.SuiteRunner.runSequentially(SuiteRunner.java:361)
	at org.testng.SuiteRunner.privateRun(SuiteRunner.java:319)
	at org.testng.SuiteRunner.run(SuiteRunner.java:268)
	at org.testng.SuiteRunnerWorker.runSuite(SuiteRunnerWorker.java:52)
	at org.testng.SuiteRunnerWorker.run(SuiteRunnerWorker.java:86)
	at org.testng.TestNG.runSuitesSequentially(TestNG.java:1244)
	at org.testng.TestNG.runSuitesLocally(TestNG.java:1169)
	at org.testng.TestNG.run(TestNG.java:1064)
	at org.apache.maven.surefire.testng.TestNGExecutor.run(TestNGExecutor.java:281)
	at org.apache.maven.surefire.testng.TestNGXmlTestSuite.execute(TestNGXmlTestSuite.java:75)
	at org.apache.maven.surefire.testng.TestNGProvider.invoke(TestNGProvider.java:121)
	at org.apache.maven.surefire.booter.ForkedBooter.invokeProviderInSameClassLoader(ForkedBooter.java:290)
	at org.apache.maven.surefire.booter.ForkedBooter.runSuitesInProcess(ForkedBooter.java:242)
	at org.apache.maven.surefire.booter.ForkedBooter.main(ForkedBooter.java:121)
]]>
            </full-stacktrace>
          </exception> <!-- java.lang.Throwable -->
          <reporter-output>
          </reporter-output>
        </test-method> <!-- CatAddLesson -->
        <test-method status="SKIP" signature="CatAddPage()[pri:0, instance:com.cat.AutomationPage.EditDragAndDropTemplateScript@527740a2]" name="CatAddPage" duration-ms="0" started-at="2018-02-25T22:24:30Z" depends-on-methods="com.cat.AutomationPage.EditDragAndDropTemplateScript.CatAddTopic" finished-at="2018-02-25T22:24:30Z">
          <exception class="java.lang.Throwable">
            <message>
              <![CDATA[Method EditDragAndDropTemplateScript.CatAddPage()[pri:0, instance:com.cat.AutomationPage.EditDragAndDropTemplateScript@527740a2] depends on not successfully finished methods]]>
            </message>
            <full-stacktrace>
              <![CDATA[java.lang.Throwable: Method EditDragAndDropTemplateScript.CatAddPage()[pri:0, instance:com.cat.AutomationPage.EditDragAndDropTemplateScript@527740a2] depends on not successfully finished methods
	at org.testng.internal.Invoker.invokeTestMethods(Invoker.java:1037)
	at org.testng.internal.TestMethodWorker.invokeTestMethods(TestMethodWorker.java:129)
	at org.testng.internal.TestMethodWorker.run(TestMethodWorker.java:112)
	at org.testng.TestRunner.privateRun(TestRunner.java:782)
	at org.testng.TestRunner.run(TestRunner.java:632)
	at org.testng.SuiteRunner.runTest(SuiteRunner.java:366)
	at org.testng.SuiteRunner.runSequentially(SuiteRunner.java:361)
	at org.testng.SuiteRunner.privateRun(SuiteRunner.java:319)
	at org.testng.SuiteRunner.run(SuiteRunner.java:268)
	at org.testng.SuiteRunnerWorker.runSuite(SuiteRunnerWorker.java:52)
	at org.testng.SuiteRunnerWorker.run(SuiteRunnerWorker.java:86)
	at org.testng.TestNG.runSuitesSequentially(TestNG.java:1244)
	at org.testng.TestNG.runSuitesLocally(TestNG.java:1169)
	at org.testng.TestNG.run(TestNG.java:1064)
	at org.apache.maven.surefire.testng.TestNGExecutor.run(TestNGExecutor.java:281)
	at org.apache.maven.surefire.testng.TestNGXmlTestSuite.execute(TestNGXmlTestSuite.java:75)
	at org.apache.maven.surefire.testng.TestNGProvider.invoke(TestNGProvider.java:121)
	at org.apache.maven.surefire.booter.ForkedBooter.invokeProviderInSameClassLoader(ForkedBooter.java:290)
	at org.apache.maven.surefire.booter.ForkedBooter.runSuitesInProcess(ForkedBooter.java:242)
	at org.apache.maven.surefire.booter.ForkedBooter.main(ForkedBooter.java:121)
]]>
            </full-stacktrace>
          </exception> <!-- java.lang.Throwable -->
          <reporter-output>
          </reporter-output>
        </test-method> <!-- CatAddPage -->
        <test-method status="SKIP" signature="CatEditDragAndDropTemplate()[pri:0, instance:com.cat.AutomationPage.EditDragAndDropTemplateScript@527740a2]" name="CatEditDragAndDropTemplate" duration-ms="0" started-at="2018-02-25T22:24:30Z" depends-on-methods="com.cat.AutomationPage.EditDragAndDropTemplateScript.CatAddPage" finished-at="2018-02-25T22:24:30Z">
          <exception class="java.lang.Throwable">
            <message>
              <![CDATA[Method EditDragAndDropTemplateScript.CatEditDragAndDropTemplate()[pri:0, instance:com.cat.AutomationPage.EditDragAndDropTemplateScript@527740a2] depends on not successfully finished methods]]>
            </message>
            <full-stacktrace>
              <![CDATA[java.lang.Throwable: Method EditDragAndDropTemplateScript.CatEditDragAndDropTemplate()[pri:0, instance:com.cat.AutomationPage.EditDragAndDropTemplateScript@527740a2] depends on not successfully finished methods
	at org.testng.internal.Invoker.invokeTestMethods(Invoker.java:1037)
	at org.testng.internal.TestMethodWorker.invokeTestMethods(TestMethodWorker.java:129)
	at org.testng.internal.TestMethodWorker.run(TestMethodWorker.java:112)
	at org.testng.TestRunner.privateRun(TestRunner.java:782)
	at org.testng.TestRunner.run(TestRunner.java:632)
	at org.testng.SuiteRunner.runTest(SuiteRunner.java:366)
	at org.testng.SuiteRunner.runSequentially(SuiteRunner.java:361)
	at org.testng.SuiteRunner.privateRun(SuiteRunner.java:319)
	at org.testng.SuiteRunner.run(SuiteRunner.java:268)
	at org.testng.SuiteRunnerWorker.runSuite(SuiteRunnerWorker.java:52)
	at org.testng.SuiteRunnerWorker.run(SuiteRunnerWorker.java:86)
	at org.testng.TestNG.runSuitesSequentially(TestNG.java:1244)
	at org.testng.TestNG.runSuitesLocally(TestNG.java:1169)
	at org.testng.TestNG.run(TestNG.java:1064)
	at org.apache.maven.surefire.testng.TestNGExecutor.run(TestNGExecutor.java:281)
	at org.apache.maven.surefire.testng.TestNGXmlTestSuite.execute(TestNGXmlTestSuite.java:75)
	at org.apache.maven.surefire.testng.TestNGProvider.invoke(TestNGProvider.java:121)
	at org.apache.maven.surefire.booter.ForkedBooter.invokeProviderInSameClassLoader(ForkedBooter.java:290)
	at org.apache.maven.surefire.booter.ForkedBooter.runSuitesInProcess(ForkedBooter.java:242)
	at org.apache.maven.surefire.booter.ForkedBooter.main(ForkedBooter.java:121)
]]>
            </full-stacktrace>
          </exception> <!-- java.lang.Throwable -->
          <reporter-output>
          </reporter-output>
        </test-method> <!-- CatEditDragAndDropTemplate -->
        <test-method status="SKIP" signature="CatLogOutTC()[pri:0, instance:com.cat.AutomationPage.EditDragAndDropTemplateScript@527740a2]" name="CatLogOutTC" duration-ms="0" started-at="2018-02-25T22:24:30Z" depends-on-methods="com.cat.AutomationPage.EditDragAndDropTemplateScript.CatEditDragAndDropTemplate" finished-at="2018-02-25T22:24:30Z">
          <exception class="java.lang.Throwable">
            <message>
              <![CDATA[Method EditDragAndDropTemplateScript.CatLogOutTC()[pri:0, instance:com.cat.AutomationPage.EditDragAndDropTemplateScript@527740a2] depends on not successfully finished methods]]>
            </message>
            <full-stacktrace>
              <![CDATA[java.lang.Throwable: Method EditDragAndDropTemplateScript.CatLogOutTC()[pri:0, instance:com.cat.AutomationPage.EditDragAndDropTemplateScript@527740a2] depends on not successfully finished methods
	at org.testng.internal.Invoker.invokeTestMethods(Invoker.java:1037)
	at org.testng.internal.TestMethodWorker.invokeTestMethods(TestMethodWorker.java:129)
	at org.testng.internal.TestMethodWorker.run(TestMethodWorker.java:112)
	at org.testng.TestRunner.privateRun(TestRunner.java:782)
	at org.testng.TestRunner.run(TestRunner.java:632)
	at org.testng.SuiteRunner.runTest(SuiteRunner.java:366)
	at org.testng.SuiteRunner.runSequentially(SuiteRunner.java:361)
	at org.testng.SuiteRunner.privateRun(SuiteRunner.java:319)
	at org.testng.SuiteRunner.run(SuiteRunner.java:268)
	at org.testng.SuiteRunnerWorker.runSuite(SuiteRunnerWorker.java:52)
	at org.testng.SuiteRunnerWorker.run(SuiteRunnerWorker.java:86)
	at org.testng.TestNG.runSuitesSequentially(TestNG.java:1244)
	at org.testng.TestNG.runSuitesLocally(TestNG.java:1169)
	at org.testng.TestNG.run(TestNG.java:1064)
	at org.apache.maven.surefire.testng.TestNGExecutor.run(TestNGExecutor.java:281)
	at org.apache.maven.surefire.testng.TestNGXmlTestSuite.execute(TestNGXmlTestSuite.java:75)
	at org.apache.maven.surefire.testng.TestNGProvider.invoke(TestNGProvider.java:121)
	at org.apache.maven.surefire.booter.ForkedBooter.invokeProviderInSameClassLoader(ForkedBooter.java:290)
	at org.apache.maven.surefire.booter.ForkedBooter.runSuitesInProcess(ForkedBooter.java:242)
	at org.apache.maven.surefire.booter.ForkedBooter.main(ForkedBooter.java:121)
]]>
            </full-stacktrace>
          </exception> <!-- java.lang.Throwable -->
          <reporter-output>
          </reporter-output>
        </test-method> <!-- CatLogOutTC -->
        <test-method status="PASS" signature="loadAllTestLogor()[pri:0, instance:com.cat.AutomationPage.EditDragAndDropTemplateScript@527740a2]" name="loadAllTestLogor" is-config="true" duration-ms="1" started-at="2018-02-25T22:24:30Z" finished-at="2018-02-25T22:24:30Z">
          <reporter-output>
          </reporter-output>
        </test-method> <!-- loadAllTestLogor -->
        <test-method status="PASS" signature="closeBrowser()[pri:0, instance:com.cat.AutomationPage.EditDragAndDropTemplateScript@527740a2]" name="closeBrowser" is-config="true" duration-ms="0" started-at="2018-02-25T22:24:30Z" finished-at="2018-02-25T22:24:30Z">
          <reporter-output>
          </reporter-output>
        </test-method> <!-- closeBrowser -->
      </class> <!-- com.cat.AutomationPage.EditDragAndDropTemplateScript -->
    </test> <!-- EditDragAndDropTemplateScript Test -->
    <test name="ConsentAutomationTemplateScript Test" duration-ms="126351" started-at="2018-02-26T06:24:30Z" finished-at="2018-02-26T06:26:36Z">
      <class name="com.cat.AutomationPage.ConsentAutomationTemplateScript">
        <test-method status="PASS" signature="createHtmltView()[pri:0, instance:com.cat.AutomationPage.ConsentAutomationTemplateScript@6f1fba17]" name="createHtmltView" is-config="true" duration-ms="0" started-at="2018-02-25T22:24:30Z" finished-at="2018-02-25T22:24:30Z">
          <reporter-output>
          </reporter-output>
        </test-method> <!-- createHtmltView -->
        <test-method status="PASS" signature="loadLocater()[pri:0, instance:com.cat.AutomationPage.ConsentAutomationTemplateScript@6f1fba17]" name="loadLocater" is-config="true" duration-ms="16" started-at="2018-02-25T22:24:30Z" finished-at="2018-02-25T22:24:30Z">
          <reporter-output>
          </reporter-output>
        </test-method> <!-- loadLocater -->
        <test-method status="PASS" signature="openBrowser()[pri:0, instance:com.cat.AutomationPage.ConsentAutomationTemplateScript@6f1fba17]" name="openBrowser" is-config="true" duration-ms="0" started-at="2018-02-25T22:24:30Z" finished-at="2018-02-25T22:24:30Z">
          <reporter-output>
          </reporter-output>
        </test-method> <!-- openBrowser -->
        <test-method status="PASS" signature="CatLogicTC()[pri:0, instance:com.cat.AutomationPage.ConsentAutomationTemplateScript@6f1fba17]" name="CatLogicTC" duration-ms="3323" started-at="2018-02-25T22:24:30Z" finished-at="2018-02-25T22:24:33Z">
          <reporter-output>
          </reporter-output>
        </test-method> <!-- CatLogicTC -->
        <test-method status="PASS" signature="updateResult(org.testng.ITestResult, java.lang.reflect.Method)[pri:0, instance:com.cat.AutomationPage.ConsentAutomationTemplateScript@6f1fba17]" name="updateResult" is-config="true" duration-ms="52" started-at="2018-02-25T22:24:33Z" finished-at="2018-02-25T22:24:34Z">
          <params>
            <param index="0">
              <value>
                <![CDATA[[TestResult name=CatLogicTC status=SUCCESS method=ConsentAutomationTemplateScript.CatLogicTC()[pri:0, instance:com.cat.AutomationPage.ConsentAutomationTemplateScript@6f1fba17] output={null}]]]>
              </value>
            </param>
            <param index="1">
              <value>
                <![CDATA[void com.cat.AutomationPage.ConsentAutomationTemplateScript.CatLogicTC() throws java.lang.Exception]]>
              </value>
            </param>
          </params>
          <reporter-output>
          </reporter-output>
        </test-method> <!-- updateResult -->
        <test-method status="PASS" signature="loadLocater()[pri:0, instance:com.cat.AutomationPage.ConsentAutomationTemplateScript@6f1fba17]" name="loadLocater" is-config="true" duration-ms="15" started-at="2018-02-25T22:24:34Z" finished-at="2018-02-25T22:24:34Z">
          <reporter-output>
          </reporter-output>
        </test-method> <!-- loadLocater -->
        <test-method status="PASS" signature="CatResetTest()[pri:0, instance:com.cat.AutomationPage.ConsentAutomationTemplateScript@6f1fba17]" name="CatResetTest" duration-ms="18372" started-at="2018-02-25T22:24:34Z" depends-on-methods="com.cat.AutomationPage.ConsentAutomationTemplateScript.CatLogicTC" finished-at="2018-02-25T22:24:52Z">
          <reporter-output>
          </reporter-output>
        </test-method> <!-- CatResetTest -->
        <test-method status="PASS" signature="updateResult(org.testng.ITestResult, java.lang.reflect.Method)[pri:0, instance:com.cat.AutomationPage.ConsentAutomationTemplateScript@6f1fba17]" name="updateResult" is-config="true" duration-ms="87" started-at="2018-02-25T22:24:52Z" finished-at="2018-02-25T22:24:52Z">
          <params>
            <param index="0">
              <value>
                <![CDATA[[TestResult name=CatResetTest status=SUCCESS method=ConsentAutomationTemplateScript.CatResetTest()[pri:0, instance:com.cat.AutomationPage.ConsentAutomationTemplateScript@6f1fba17] output={null}]]]>
              </value>
            </param>
            <param index="1">
              <value>
                <![CDATA[void com.cat.AutomationPage.ConsentAutomationTemplateScript.CatResetTest() throws java.lang.Exception]]>
              </value>
            </param>
          </params>
          <reporter-output>
          </reporter-output>
        </test-method> <!-- updateResult -->
        <test-method status="PASS" signature="loadLocater()[pri:0, instance:com.cat.AutomationPage.ConsentAutomationTemplateScript@6f1fba17]" name="loadLocater" is-config="true" duration-ms="27" started-at="2018-02-25T22:24:52Z" finished-at="2018-02-25T22:24:52Z">
          <reporter-output>
          </reporter-output>
        </test-method> <!-- loadLocater -->
        <test-method status="PASS" signature="CatCreateCourseTC()[pri:0, instance:com.cat.AutomationPage.ConsentAutomationTemplateScript@6f1fba17]" name="CatCreateCourseTC" duration-ms="34516" started-at="2018-02-25T22:24:52Z" depends-on-methods="com.cat.AutomationPage.ConsentAutomationTemplateScript.CatResetTest" finished-at="2018-02-25T22:25:27Z">
          <reporter-output>
          </reporter-output>
        </test-method> <!-- CatCreateCourseTC -->
        <test-method status="PASS" signature="updateResult(org.testng.ITestResult, java.lang.reflect.Method)[pri:0, instance:com.cat.AutomationPage.ConsentAutomationTemplateScript@6f1fba17]" name="updateResult" is-config="true" duration-ms="45" started-at="2018-02-25T22:25:27Z" finished-at="2018-02-25T22:25:27Z">
          <params>
            <param index="0">
              <value>
                <![CDATA[[TestResult name=CatCreateCourseTC status=SUCCESS method=ConsentAutomationTemplateScript.CatCreateCourseTC()[pri:0, instance:com.cat.AutomationPage.ConsentAutomationTemplateScript@6f1fba17] output={null}]]]>
              </value>
            </param>
            <param index="1">
              <value>
                <![CDATA[void com.cat.AutomationPage.ConsentAutomationTemplateScript.CatCreateCourseTC() throws java.lang.Exception]]>
              </value>
            </param>
          </params>
          <reporter-output>
          </reporter-output>
        </test-method> <!-- updateResult -->
        <test-method status="PASS" signature="loadLocater()[pri:0, instance:com.cat.AutomationPage.ConsentAutomationTemplateScript@6f1fba17]" name="loadLocater" is-config="true" duration-ms="19" started-at="2018-02-25T22:25:27Z" finished-at="2018-02-25T22:25:27Z">
          <reporter-output>
          </reporter-output>
        </test-method> <!-- loadLocater -->
        <test-method status="PASS" signature="CatAddLesson()[pri:0, instance:com.cat.AutomationPage.ConsentAutomationTemplateScript@6f1fba17]" name="CatAddLesson" duration-ms="7329" started-at="2018-02-25T22:25:27Z" depends-on-methods="com.cat.AutomationPage.ConsentAutomationTemplateScript.CatCreateCourseTC" finished-at="2018-02-25T22:25:34Z">
          <reporter-output>
          </reporter-output>
        </test-method> <!-- CatAddLesson -->
        <test-method status="PASS" signature="updateResult(org.testng.ITestResult, java.lang.reflect.Method)[pri:0, instance:com.cat.AutomationPage.ConsentAutomationTemplateScript@6f1fba17]" name="updateResult" is-config="true" duration-ms="46" started-at="2018-02-25T22:25:34Z" finished-at="2018-02-25T22:25:34Z">
          <params>
            <param index="0">
              <value>
                <![CDATA[[TestResult name=CatAddLesson status=SUCCESS method=ConsentAutomationTemplateScript.CatAddLesson()[pri:0, instance:com.cat.AutomationPage.ConsentAutomationTemplateScript@6f1fba17] output={null}]]]>
              </value>
            </param>
            <param index="1">
              <value>
                <![CDATA[void com.cat.AutomationPage.ConsentAutomationTemplateScript.CatAddLesson() throws java.lang.Exception]]>
              </value>
            </param>
          </params>
          <reporter-output>
          </reporter-output>
        </test-method> <!-- updateResult -->
        <test-method status="PASS" signature="loadLocater()[pri:0, instance:com.cat.AutomationPage.ConsentAutomationTemplateScript@6f1fba17]" name="loadLocater" is-config="true" duration-ms="7" started-at="2018-02-25T22:25:34Z" finished-at="2018-02-25T22:25:34Z">
          <reporter-output>
          </reporter-output>
        </test-method> <!-- loadLocater -->
        <test-method status="PASS" signature="CatAddTopic()[pri:0, instance:com.cat.AutomationPage.ConsentAutomationTemplateScript@6f1fba17]" name="CatAddTopic" duration-ms="4821" started-at="2018-02-25T22:25:34Z" depends-on-methods="com.cat.AutomationPage.ConsentAutomationTemplateScript.CatAddLesson" finished-at="2018-02-25T22:25:39Z">
          <reporter-output>
          </reporter-output>
[...]
          </reporter-output>
        </test-method> <!-- loadLocater -->
        <test-method status="PASS" signature="CatAddTopic()[pri:0, instance:com.cat.AutomationPage.ConfigurationScript@27a8c74e]" name="CatAddTopic" duration-ms="5175" started-at="2018-02-25T22:50:38Z" depends-on-methods="com.cat.AutomationPage.ConfigurationScript.CatAddLesson" finished-at="2018-02-25T22:50:43Z">
          <reporter-output>
          </reporter-output>
        </test-method> <!-- CatAddTopic -->
        <test-method status="PASS" signature="updateResult(org.testng.ITestResult, java.lang.reflect.Method)[pri:0, instance:com.cat.AutomationPage.ConfigurationScript@27a8c74e]" name="updateResult" is-config="true" duration-ms="57" started-at="2018-02-25T22:50:43Z" finished-at="2018-02-25T22:50:43Z">
          <params>
            <param index="0">
              <value>
                <![CDATA[[TestResult name=CatAddTopic status=SUCCESS method=ConfigurationScript.CatAddTopic()[pri:0, instance:com.cat.AutomationPage.ConfigurationScript@27a8c74e] output={null}]]]>
              </value>
            </param>
            <param index="1">
              <value>
                <![CDATA[void com.cat.AutomationPage.ConfigurationScript.CatAddTopic() throws java.lang.Exception]]>
              </value>
            </param>
          </params>
          <reporter-output>
          </reporter-output>
        </test-method> <!-- updateResult -->
        <test-method status="PASS" signature="loadLocater()[pri:0, instance:com.cat.AutomationPage.ConfigurationScript@27a8c74e]" name="loadLocater" is-config="true" duration-ms="6" started-at="2018-02-25T22:50:43Z" finished-at="2018-02-25T22:50:43Z">
          <reporter-output>
          </reporter-output>
        </test-method> <!-- loadLocater -->
        <test-method status="PASS" signature="CatAddPage()[pri:0, instance:com.cat.AutomationPage.ConfigurationScript@27a8c74e]" name="CatAddPage" duration-ms="4322" started-at="2018-02-25T22:50:43Z" depends-on-methods="com.cat.AutomationPage.ConfigurationScript.CatAddTopic" finished-at="2018-02-25T22:50:47Z">
          <reporter-output>
          </reporter-output>
        </test-method> <!-- CatAddPage -->
        <test-method status="PASS" signature="updateResult(org.testng.ITestResult, java.lang.reflect.Method)[pri:0, instance:com.cat.AutomationPage.ConfigurationScript@27a8c74e]" name="updateResult" is-config="true" duration-ms="62" started-at="2018-02-25T22:50:47Z" finished-at="2018-02-25T22:50:47Z">
          <params>
            <param index="0">
              <value>
                <![CDATA[[TestResult name=CatAddPage status=SUCCESS method=ConfigurationScript.CatAddPage()[pri:0, instance:com.cat.AutomationPage.ConfigurationScript@27a8c74e] output={null}]]]>
              </value>
            </param>
            <param index="1">
              <value>
                <![CDATA[void com.cat.AutomationPage.ConfigurationScript.CatAddPage() throws java.lang.Exception]]>
              </value>
            </param>
          </params>
          <reporter-output>
          </reporter-output>
        </test-method> <!-- updateResult -->
        <test-method status="PASS" signature="loadLocater()[pri:0, instance:com.cat.AutomationPage.ConfigurationScript@27a8c74e]" name="loadLocater" is-config="true" duration-ms="7" started-at="2018-02-25T22:50:47Z" finished-at="2018-02-25T22:50:47Z">
          <reporter-output>
          </reporter-output>
        </test-method> <!-- loadLocater -->
        <test-method status="PASS" signature="CatEditTextTemplate()[pri:0, instance:com.cat.AutomationPage.ConfigurationScript@27a8c74e]" name="CatEditTextTemplate" duration-ms="30257" started-at="2018-02-25T22:50:47Z" depends-on-methods="com.cat.AutomationPage.ConfigurationScript.CatAddPage" finished-at="2018-02-25T22:51:18Z">
          <reporter-output>
          </reporter-output>
        </test-method> <!-- CatEditTextTemplate -->
        <test-method status="PASS" signature="updateResult(org.testng.ITestResult, java.lang.reflect.Method)[pri:0, instance:com.cat.AutomationPage.ConfigurationScript@27a8c74e]" name="updateResult" is-config="true" duration-ms="61" started-at="2018-02-25T22:51:18Z" finished-at="2018-02-25T22:51:18Z">
          <params>
            <param index="0">
              <value>
                <![CDATA[[TestResult name=CatEditTextTemplate status=SUCCESS method=ConfigurationScript.CatEditTextTemplate()[pri:0, instance:com.cat.AutomationPage.ConfigurationScript@27a8c74e] output={null}]]]>
              </value>
            </param>
            <param index="1">
              <value>
                <![CDATA[static void com.cat.AutomationPage.ConfigurationScript.CatEditTextTemplate() throws java.lang.Exception]]>
              </value>
            </param>
          </params>
          <reporter-output>
          </reporter-output>
        </test-method> <!-- updateResult -->
        <test-method status="PASS" signature="loadLocater()[pri:0, instance:com.cat.AutomationPage.ConfigurationScript@27a8c74e]" name="loadLocater" is-config="true" duration-ms="21" started-at="2018-02-25T22:51:18Z" finished-at="2018-02-25T22:51:18Z">
          <reporter-output>
          </reporter-output>
        </test-method> <!-- loadLocater -->
        <test-method status="PASS" signature="CatLockPage()[pri:0, instance:com.cat.AutomationPage.ConfigurationScript@27a8c74e]" name="CatLockPage" duration-ms="16860" started-at="2018-02-25T22:51:18Z" depends-on-methods="com.cat.AutomationPage.ConfigurationScript.CatEditTextTemplate" finished-at="2018-02-25T22:51:34Z">
          <reporter-output>
          </reporter-output>
        </test-method> <!-- CatLockPage -->
        <test-method status="PASS" signature="updateResult(org.testng.ITestResult, java.lang.reflect.Method)[pri:0, instance:com.cat.AutomationPage.ConfigurationScript@27a8c74e]" name="updateResult" is-config="true" duration-ms="48" started-at="2018-02-25T22:51:34Z" finished-at="2018-02-25T22:51:34Z">
          <params>
            <param index="0">
              <value>
                <![CDATA[[TestResult name=CatLockPage status=SUCCESS method=ConfigurationScript.CatLockPage()[pri:0, instance:com.cat.AutomationPage.ConfigurationScript@27a8c74e] output={null}]]]>
              </value>
            </param>
            <param index="1">
              <value>
                <![CDATA[void com.cat.AutomationPage.ConfigurationScript.CatLockPage() throws java.lang.Exception]]>
              </value>
            </param>
          </params>
          <reporter-output>
          </reporter-output>
        </test-method> <!-- updateResult -->
        <test-method status="PASS" signature="loadLocater()[pri:0, instance:com.cat.AutomationPage.ConfigurationScript@27a8c74e]" name="loadLocater" is-config="true" duration-ms="6" started-at="2018-02-25T22:51:34Z" finished-at="2018-02-25T22:51:35Z">
          <reporter-output>
          </reporter-output>
        </test-method> <!-- loadLocater -->
        <test-method status="PASS" signature="CatUnLockPage()[pri:0, instance:com.cat.AutomationPage.ConfigurationScript@27a8c74e]" name="CatUnLockPage" duration-ms="6523" started-at="2018-02-25T22:51:35Z" depends-on-methods="com.cat.AutomationPage.ConfigurationScript.CatLockPage" finished-at="2018-02-25T22:51:41Z">
          <reporter-output>
          </reporter-output>
        </test-method> <!-- CatUnLockPage -->
        <test-method status="PASS" signature="updateResult(org.testng.ITestResult, java.lang.reflect.Method)[pri:0, instance:com.cat.AutomationPage.ConfigurationScript@27a8c74e]" name="updateResult" is-config="true" duration-ms="48" started-at="2018-02-25T22:51:41Z" finished-at="2018-02-25T22:51:41Z">
          <params>
            <param index="0">
              <value>
                <![CDATA[[TestResult name=CatUnLockPage status=SUCCESS method=ConfigurationScript.CatUnLockPage()[pri:0, instance:com.cat.AutomationPage.ConfigurationScript@27a8c74e] output={null}]]]>
              </value>
            </param>
            <param index="1">
              <value>
                <![CDATA[void com.cat.AutomationPage.ConfigurationScript.CatUnLockPage() throws java.lang.Exception]]>
              </value>
            </param>
          </params>
          <reporter-output>
          </reporter-output>
        </test-method> <!-- updateResult -->
        <test-method status="PASS" signature="loadLocater()[pri:0, instance:com.cat.AutomationPage.ConfigurationScript@27a8c74e]" name="loadLocater" is-config="true" duration-ms="6" started-at="2018-02-25T22:51:41Z" finished-at="2018-02-25T22:51:41Z">
          <reporter-output>
          </reporter-output>
        </test-method> <!-- loadLocater -->
        <test-method status="PASS" signature="CatHidePage()[pri:0, instance:com.cat.AutomationPage.ConfigurationScript@27a8c74e]" name="CatHidePage" duration-ms="6555" started-at="2018-02-25T22:51:41Z" depends-on-methods="com.cat.AutomationPage.ConfigurationScript.CatUnLockPage" finished-at="2018-02-25T22:51:48Z">
          <reporter-output>
          </reporter-output>
        </test-method> <!-- CatHidePage -->
        <test-method status="PASS" signature="updateResult(org.testng.ITestResult, java.lang.reflect.Method)[pri:0, instance:com.cat.AutomationPage.ConfigurationScript@27a8c74e]" name="updateResult" is-config="true" duration-ms="49" started-at="2018-02-25T22:51:48Z" finished-at="2018-02-25T22:51:48Z">
          <params>
            <param index="0">
              <value>
                <![CDATA[[TestResult name=CatHidePage status=SUCCESS method=ConfigurationScript.CatHidePage()[pri:0, instance:com.cat.AutomationPage.ConfigurationScript@27a8c74e] output={null}]]]>
              </value>
            </param>
            <param index="1">
              <value>
                <![CDATA[void com.cat.AutomationPage.ConfigurationScript.CatHidePage() throws java.lang.Exception]]>
              </value>
            </param>
          </params>
          <reporter-output>
          </reporter-output>
        </test-method> <!-- updateResult -->
        <test-method status="PASS" signature="loadLocater()[pri:0, instance:com.cat.AutomationPage.ConfigurationScript@27a8c74e]" name="loadLocater" is-config="true" duration-ms="8" started-at="2018-02-25T22:51:48Z" finished-at="2018-02-25T22:51:48Z">
          <reporter-output>
          </reporter-output>
        </test-method> <!-- loadLocater -->
        <test-method status="PASS" signature="CatUnhidePage()[pri:0, instance:com.cat.AutomationPage.ConfigurationScript@27a8c74e]" name="CatUnhidePage" duration-ms="6555" started-at="2018-02-25T22:51:48Z" depends-on-methods="com.cat.AutomationPage.ConfigurationScript.CatHidePage" finished-at="2018-02-25T22:51:54Z">
          <reporter-output>
          </reporter-output>
        </test-method> <!-- CatUnhidePage -->
        <test-method status="PASS" signature="updateResult(org.testng.ITestResult, java.lang.reflect.Method)[pri:0, instance:com.cat.AutomationPage.ConfigurationScript@27a8c74e]" name="updateResult" is-config="true" duration-ms="44" started-at="2018-02-25T22:51:54Z" finished-at="2018-02-25T22:51:54Z">
          <params>
            <param index="0">
              <value>
                <![CDATA[[TestResult name=CatUnhidePage status=SUCCESS method=ConfigurationScript.CatUnhidePage()[pri:0, instance:com.cat.AutomationPage.ConfigurationScript@27a8c74e] output={null}]]]>
              </value>
            </param>
            <param index="1">
              <value>
                <![CDATA[void com.cat.AutomationPage.ConfigurationScript.CatUnhidePage() throws java.lang.Exception]]>
              </value>
            </param>
          </params>
          <reporter-output>
          </reporter-output>
        </test-method> <!-- updateResult -->
        <test-method status="PASS" signature="loadLocater()[pri:0, instance:com.cat.AutomationPage.ConfigurationScript@27a8c74e]" name="loadLocater" is-config="true" duration-ms="8" started-at="2018-02-25T22:51:54Z" finished-at="2018-02-25T22:51:54Z">
          <reporter-output>
          </reporter-output>
        </test-method> <!-- loadLocater -->
        <test-method status="PASS" signature="CatCopyNode()[pri:0, instance:com.cat.AutomationPage.ConfigurationScript@27a8c74e]" name="CatCopyNode" duration-ms="6555" started-at="2018-02-25T22:51:54Z" depends-on-methods="com.cat.AutomationPage.ConfigurationScript.CatUnhidePage" finished-at="2018-02-25T22:52:01Z">
          <reporter-output>
          </reporter-output>
        </test-method> <!-- CatCopyNode -->
        <test-method status="PASS" signature="updateResult(org.testng.ITestResult, java.lang.reflect.Method)[pri:0, instance:com.cat.AutomationPage.ConfigurationScript@27a8c74e]" name="updateResult" is-config="true" duration-ms="54" started-at="2018-02-25T22:52:01Z" finished-at="2018-02-25T22:52:01Z">
          <params>
            <param index="0">
              <value>
                <![CDATA[[TestResult name=CatCopyNode status=SUCCESS method=ConfigurationScript.CatCopyNode()[pri:0, instance:com.cat.AutomationPage.ConfigurationScript@27a8c74e] output={null}]]]>
              </value>
            </param>
            <param index="1">
              <value>
                <![CDATA[void com.cat.AutomationPage.ConfigurationScript.CatCopyNode() throws java.lang.Exception]]>
              </value>
            </param>
          </params>
          <reporter-output>
          </reporter-output>
        </test-method> <!-- updateResult -->
        <test-method status="PASS" signature="loadLocater()[pri:0, instance:com.cat.AutomationPage.ConfigurationScript@27a8c74e]" name="loadLocater" is-config="true" duration-ms="15" started-at="2018-02-25T22:52:01Z" finished-at="2018-02-25T22:52:01Z">
          <reporter-output>
          </reporter-output>
        </test-method> <!-- loadLocater -->
        <test-method status="PASS" signature="CatPasteNode()[pri:0, instance:com.cat.AutomationPage.ConfigurationScript@27a8c74e]" name="CatPasteNode" duration-ms="6754" started-at="2018-02-25T22:52:01Z" depends-on-methods="com.cat.AutomationPage.ConfigurationScript.CatCopyNode" finished-at="2018-02-25T22:52:08Z">
          <reporter-output>
          </reporter-output>
        </test-method> <!-- CatPasteNode -->
        <test-method status="PASS" signature="updateResult(org.testng.ITestResult, java.lang.reflect.Method)[pri:0, instance:com.cat.AutomationPage.ConfigurationScript@27a8c74e]" name="updateResult" is-config="true" duration-ms="52" started-at="2018-02-25T22:52:08Z" finished-at="2018-02-25T22:52:08Z">
          <params>
            <param index="0">
              <value>
                <![CDATA[[TestResult name=CatPasteNode status=SUCCESS method=ConfigurationScript.CatPasteNode()[pri:0, instance:com.cat.AutomationPage.ConfigurationScript@27a8c74e] output={null}]]]>
              </value>
            </param>
            <param index="1">
              <value>
                <![CDATA[void com.cat.AutomationPage.ConfigurationScript.CatPasteNode() throws java.lang.Exception]]>
              </value>
            </param>
          </params>
          <reporter-output>
          </reporter-output>
        </test-method> <!-- updateResult -->
        <test-method status="PASS" signature="loadLocater()[pri:0, instance:com.cat.AutomationPage.ConfigurationScript@27a8c74e]" name="loadLocater" is-config="true" duration-ms="7" started-at="2018-02-25T22:52:08Z" finished-at="2018-02-25T22:52:08Z">
          <reporter-output>
          </reporter-output>
        </test-method> <!-- loadLocater -->
        <test-method status="PASS" signature="CatDeletePage()[pri:0, instance:com.cat.AutomationPage.ConfigurationScript@27a8c74e]" name="CatDeletePage" duration-ms="15226" started-at="2018-02-25T22:52:08Z" depends-on-methods="com.cat.AutomationPage.ConfigurationScript.CatPasteNode" finished-at="2018-02-25T22:52:23Z">
          <reporter-output>
          </reporter-output>
        </test-method> <!-- CatDeletePage -->
        <test-method status="PASS" signature="updateResult(org.testng.ITestResult, java.lang.reflect.Method)[pri:0, instance:com.cat.AutomationPage.ConfigurationScript@27a8c74e]" name="updateResult" is-config="true" duration-ms="45" started-at="2018-02-25T22:52:23Z" finished-at="2018-02-25T22:52:23Z">
          <params>
            <param index="0">
              <value>
                <![CDATA[[TestResult name=CatDeletePage status=SUCCESS method=ConfigurationScript.CatDeletePage()[pri:0, instance:com.cat.AutomationPage.ConfigurationScript@27a8c74e] output={null}]]]>
              </value>
            </param>
            <param index="1">
              <value>
                <![CDATA[void com.cat.AutomationPage.ConfigurationScript.CatDeletePage() throws java.lang.Exception]]>
              </value>
            </param>
          </params>
          <reporter-output>
          </reporter-output>
        </test-method> <!-- updateResult -->
        <test-method status="PASS" signature="loadLocater()[pri:0, instance:com.cat.AutomationPage.ConfigurationScript@27a8c74e]" name="loadLocater" is-config="true" duration-ms="8" started-at="2018-02-25T22:52:23Z" finished-at="2018-02-25T22:52:23Z">
          <reporter-output>
          </reporter-output>
        </test-method> <!-- loadLocater -->
        <test-method status="PASS" signature="CatLogOutTC()[pri:0, instance:com.cat.AutomationPage.ConfigurationScript@27a8c74e]" name="CatLogOutTC" duration-ms="2865" started-at="2018-02-25T22:52:23Z" depends-on-methods="com.cat.AutomationPage.ConfigurationScript.CatDeletePage" finished-at="2018-02-25T22:52:26Z">
          <reporter-output>
          </reporter-output>
        </test-method> <!-- CatLogOutTC -->
        <test-method status="PASS" signature="updateResult(org.testng.ITestResult, java.lang.reflect.Method)[pri:0, instance:com.cat.AutomationPage.ConfigurationScript@27a8c74e]" name="updateResult" is-config="true" duration-ms="49" started-at="2018-02-25T22:52:26Z" finished-at="2018-02-25T22:52:26Z">
          <params>
            <param index="0">
              <value>
                <![CDATA[[TestResult name=CatLogOutTC status=SUCCESS method=ConfigurationScript.CatLogOutTC()[pri:0, instance:com.cat.AutomationPage.ConfigurationScript@27a8c74e] output={null}]]]>
              </value>
            </param>
            <param index="1">
              <value>
                <![CDATA[void com.cat.AutomationPage.ConfigurationScript.CatLogOutTC() throws java.lang.Exception]]>
              </value>
            </param>
          </params>
          <reporter-output>
          </reporter-output>
        </test-method> <!-- updateResult -->
        <test-method status="PASS" signature="loadAllTestLogor()[pri:0, instance:com.cat.AutomationPage.ConfigurationScript@27a8c74e]" name="loadAllTestLogor" is-config="true" duration-ms="0" started-at="2018-02-25T22:52:26Z" finished-at="2018-02-25T22:52:26Z">
          <reporter-output>
          </reporter-output>
        </test-method> <!-- loadAllTestLogor -->
        <test-method status="PASS" signature="closeBrowser()[pri:0, instance:com.cat.AutomationPage.ConfigurationScript@27a8c74e]" name="closeBrowser" is-config="true" duration-ms="0" started-at="2018-02-25T22:52:26Z" finished-at="2018-02-25T22:52:26Z">
          <reporter-output>
          </reporter-output>
        </test-method> <!-- closeBrowser -->
        <test-method status="PASS" signature="closeAllBrowser()[pri:0, instance:com.cat.AutomationPage.ConfigurationScript@27a8c74e]" name="closeAllBrowser" is-config="true" duration-ms="1138" started-at="2018-02-25T22:52:26Z" finished-at="2018-02-25T22:52:27Z">
          <reporter-output>
          </reporter-output>
        </test-method> <!-- closeAllBrowser -->
      </class> <!-- com.cat.AutomationPage.ConfigurationScript -->
    </test> <!-- ConfigurationScript Test -->
  </suite> <!-- CAM Automation Suite -->
</testng-results>
