<?xml version="1.0" encoding="UTF-8"?>
<!-- Generated by org.testng.reporters.JUnitXMLReporter -->
<testsuite hostname="qawin7qa01" name="Branching Script" tests="9" failures="0" timestamp="13 Feb 2018 15:02:45 GMT" time="218.822" errors="0">
  <testcase name="CatLogicTC" time="9.437" classname="com.cat.AutomationPage.BranchingScript"/>
  <testcase name="CatResetTest" time="20.689" classname="com.cat.AutomationPage.BranchingScript"/>
  <testcase name="CatCreateCourseTC" time="42.669" classname="com.cat.AutomationPage.BranchingScript"/>
  <testcase name="CatAddLesson" time="15.327" classname="com.cat.AutomationPage.BranchingScript"/>
  <testcase name="CatAddTopic" time="10.715" classname="com.cat.AutomationPage.BranchingScript"/>
  <testcase name="CatAddPage" time="6.68" classname="com.cat.AutomationPage.BranchingScript"/>
  <testcase name="CatEditTextTemplate" time="29.327" classname="com.cat.AutomationPage.BranchingScript"/>
  <testcase name="CatCreateBranchingLesson" time="64.273" classname="com.cat.AutomationPage.BranchingScript"/>
  <testcase name="CatLogOutTC" time="19.126" classname="com.cat.AutomationPage.BranchingScript"/>
</testsuite> <!-- Branching Script -->
