<?xml version="1.0" encoding="UTF-8"?>
<!-- Generated by org.testng.reporters.JUnitXMLReporter -->
<testsuite hostname="qawin7qa01" name="Consent Automation Template Script" tests="8" failures="0" timestamp="13 Feb 2018 14:56:06 GMT" time="186.677" errors="0">
  <testcase name="CatLogicTC" time="23.789" classname="com.cat.AutomationPage.ConsentAutomationTemplateScript"/>
  <testcase name="CatResetTest" time="20.048" classname="com.cat.AutomationPage.ConsentAutomationTemplateScript"/>
  <testcase name="CatCreateCourseTC" time="34.842" classname="com.cat.AutomationPage.ConsentAutomationTemplateScript"/>
  <testcase name="CatAddLesson" time="16.001" classname="com.cat.AutomationPage.ConsentAutomationTemplateScript"/>
  <testcase name="CatAddTopic" time="8.094" classname="com.cat.AutomationPage.ConsentAutomationTemplateScript"/>
  <testcase name="CatAddPage" time="6.228" classname="com.cat.AutomationPage.ConsentAutomationTemplateScript"/>
  <testcase name="CatEditConsentTemplate" time="45.644" classname="com.cat.AutomationPage.ConsentAutomationTemplateScript"/>
  <testcase name="CatLogOutTC" time="31.029" classname="com.cat.AutomationPage.ConsentAutomationTemplateScript"/>
</testsuite> <!-- Consent Automation Template Script -->
