<?xml version="1.0" encoding="UTF-8"?>
<!-- Generated by org.testng.reporters.JUnitXMLReporter -->
<testsuite hostname="qawin7qa01" name="Consult Template" tests="8" failures="0" timestamp="13 Feb 2018 14:52:59 GMT" time="195.668" errors="0">
  <testcase name="CatLogicTC" time="8.661" classname="com.cat.AutomationPage.ConsultTemplate"/>
  <testcase name="CatResetTest" time="14.758" classname="com.cat.AutomationPage.ConsultTemplate"/>
  <testcase name="CatCreateCourseTC" time="32.73" classname="com.cat.AutomationPage.ConsultTemplate"/>
  <testcase name="CatAddLesson" time="15.181" classname="com.cat.AutomationPage.ConsultTemplate"/>
  <testcase name="CatAddTopic" time="8.686" classname="com.cat.AutomationPage.ConsultTemplate"/>
  <testcase name="CatAddPage" time="6.252" classname="com.cat.AutomationPage.ConsultTemplate"/>
  <testcase name="CatEditConsult" time="104.527" classname="com.cat.AutomationPage.ConsultTemplate"/>
  <testcase name="CatLogOutTC" time="3.072" classname="com.cat.AutomationPage.ConsultTemplate"/>
</testsuite> <!-- Consult Template -->
